{"/home/sanskar.mishra/book-backend/src/router.ts": {"path":"/home/sanskar.mishra/book-backend/src/router.ts","statementMap":{"0":{"start":{"line":1,"column":0},"end":{"line":1,"column":30}},"1":{"start":{"line":2,"column":0},"end":{"line":2,"column":51}},"2":{"start":{"line":3,"column":0},"end":{"line":3,"column":51}},"3":{"start":{"line":5,"column":15},"end":{"line":5,"column":31}},"4":{"start":{"line":7,"column":0},"end":{"line":7,"column":null}},"5":{"start":{"line":8,"column":0},"end":{"line":8,"column":36}},"6":{"start":{"line":11,"column":0},"end":{"line":11,"column":22}}},"fnMap":{},"branchMap":{},"s":{"0":1,"1":1,"2":1,"3":1,"4":1,"5":1,"6":1},"f":{},"b":{}}
,"/home/sanskar.mishra/book-backend/src/server.ts": {"path":"/home/sanskar.mishra/book-backend/src/server.ts","statementMap":{"0":{"start":{"line":1,"column":0},"end":{"line":1,"column":47}},"1":{"start":{"line":3,"column":0},"end":{"line":3,"column":30}},"2":{"start":{"line":4,"column":0},"end":{"line":4,"column":41}},"3":{"start":{"line":5,"column":0},"end":{"line":5,"column":69}},"4":{"start":{"line":6,"column":0},"end":{"line":6,"column":67}},"5":{"start":{"line":7,"column":0},"end":{"line":7,"column":23}},"6":{"start":{"line":22,"column":10},"end":{"line":27,"column":4}},"7":{"start":{"line":22,"column":45},"end":{"line":27,"column":4}},"8":{"start":{"line":23,"column":4},"end":{"line":23,"column":25}},"9":{"start":{"line":24,"column":4},"end":{"line":24,"column":33}},"10":{"start":{"line":25,"column":4},"end":{"line":25,"column":33}},"11":{"start":{"line":26,"column":4},"end":{"line":26,"column":35}},"12":{"start":{"line":36,"column":10},"end":{"line":38,"column":4}},"13":{"start":{"line":37,"column":4},"end":{"line":37,"column":25}},"14":{"start":{"line":39,"column":10},"end":{"line":41,"column":4}},"15":{"start":{"line":40,"column":4},"end":{"line":40,"column":36}},"16":{"start":{"line":47,"column":9},"end":{"line":52,"column":4}},"17":{"start":{"line":47,"column":40},"end":{"line":52,"column":4}},"18":{"start":{"line":48,"column":4},"end":{"line":48,"column":40}},"19":{"start":{"line":49,"column":4},"end":{"line":51,"column":7}},"20":{"start":{"line":50,"column":6},"end":{"line":50,"column":52}},"21":{"start":{"line":54,"column":9},"end":{"line":56,"column":null}},"22":{"start":{"line":55,"column":4},"end":{"line":55,"column":20}},"23":{"start":{"line":15,"column":4},"end":{"line":15,"column":25}},"24":{"start":{"line":16,"column":4},"end":{"line":16,"column":37}},"25":{"start":{"line":17,"column":4},"end":{"line":17,"column":18}},"26":{"start":{"line":18,"column":4},"end":{"line":18,"column":21}},"27":{"start":{"line":19,"column":4},"end":{"line":19,"column":23}},"28":{"start":{"line":30,"column":4},"end":{"line":32,"column":5}},"29":{"start":{"line":31,"column":6},"end":{"line":31,"column":49}},"30":{"start":{"line":33,"column":4},"end":{"line":33,"column":27}},"31":{"start":{"line":59,"column":0},"end":{"line":59,"column":22}}},"fnMap":{"0":{"name":"(anonymous_8)","decl":{"start":{"line":14,"column":2},"end":{"line":14,"column":14}},"loc":{"start":{"line":14,"column":41},"end":{"line":21,"column":3}}},"1":{"name":"(anonymous_9)","decl":{"start":{"line":22,"column":19},"end":{"line":22,"column":43}},"loc":{"start":{"line":22,"column":45},"end":{"line":27,"column":4}}},"2":{"name":"(anonymous_10)","decl":{"start":{"line":22,"column":45},"end":{"line":22,"column":null}},"loc":{"start":{"line":22,"column":45},"end":{"line":27,"column":3}}},"3":{"name":"(anonymous_11)","decl":{"start":{"line":36,"column":22},"end":{"line":36,"column":31}},"loc":{"start":{"line":36,"column":33},"end":{"line":38,"column":3}}},"4":{"name":"(anonymous_12)","decl":{"start":{"line":39,"column":24},"end":{"line":39,"column":33}},"loc":{"start":{"line":39,"column":35},"end":{"line":41,"column":3}}},"5":{"name":"(anonymous_13)","decl":{"start":{"line":47,"column":17},"end":{"line":47,"column":24}},"loc":{"start":{"line":47,"column":40},"end":{"line":52,"column":4}}},"6":{"name":"(anonymous_14)","decl":{"start":{"line":47,"column":40},"end":{"line":47,"column":null}},"loc":{"start":{"line":47,"column":40},"end":{"line":52,"column":3}}},"7":{"name":"(anonymous_15)","decl":{"start":{"line":49,"column":26},"end":{"line":49,"column":29}},"loc":{"start":{"line":49,"column":31},"end":{"line":51,"column":5}}},"8":{"name":"(anonymous_16)","decl":{"start":{"line":54,"column":18},"end":{"line":54,"column":35}},"loc":{"start":{"line":54,"column":37},"end":{"line":56,"column":3}}},"9":{"name":"(anonymous_17)","decl":{"start":{"line":29,"column":9},"end":{"line":29,"column":15}},"loc":{"start":{"line":29,"column":54},"end":{"line":34,"column":3}}}},"branchMap":{"0":{"loc":{"start":{"line":30,"column":4},"end":{"line":32,"column":5}},"type":"if","locations":[{"start":{"line":30,"column":4},"end":{"line":32,"column":5}}]}},"s":{"0":1,"1":1,"2":1,"3":1,"4":1,"5":1,"6":1,"7":1,"8":1,"9":1,"10":1,"11":1,"12":1,"13":1,"14":1,"15":1,"16":1,"17":0,"18":0,"19":0,"20":0,"21":1,"22":7,"23":1,"24":1,"25":1,"26":1,"27":1,"28":1,"29":1,"30":1,"31":1},"f":{"0":1,"1":1,"2":1,"3":1,"4":1,"5":0,"6":0,"7":0,"8":7,"9":1},"b":{"0":[1]}}
,"/home/sanskar.mishra/book-backend/src/lib/base/base.repository.ts": {"path":"/home/sanskar.mishra/book-backend/src/lib/base/base.repository.ts","statementMap":{"0":{"start":{"line":10,"column":9},"end":{"line":12,"column":4}},"1":{"start":{"line":10,"column":43},"end":{"line":12,"column":4}},"2":{"start":{"line":11,"column":4},"end":{"line":11,"column":45}},"3":{"start":{"line":14,"column":9},"end":{"line":16,"column":4}},"4":{"start":{"line":14,"column":70},"end":{"line":16,"column":4}},"5":{"start":{"line":15,"column":4},"end":{"line":15,"column":41}},"6":{"start":{"line":18,"column":9},"end":{"line":21,"column":4}},"7":{"start":{"line":18,"column":58},"end":{"line":21,"column":4}},"8":{"start":{"line":19,"column":27},"end":{"line":19,"column":56}},"9":{"start":{"line":20,"column":4},"end":{"line":20,"column":23}},"10":{"start":{"line":23,"column":9},"end":{"line":28,"column":4}},"11":{"start":{"line":26,"column":25},"end":{"line":28,"column":4}},"12":{"start":{"line":27,"column":4},"end":{"line":27,"column":59}},"13":{"start":{"line":30,"column":9},"end":{"line":32,"column":4}},"14":{"start":{"line":30,"column":69},"end":{"line":32,"column":4}},"15":{"start":{"line":31,"column":4},"end":{"line":31,"column":57}},"16":{"start":{"line":7,"column":4},"end":{"line":7,"column":23}},"17":{"start":{"line":34,"column":0},"end":{"line":34,"column":30}}},"fnMap":{"0":{"name":"(anonymous_7)","decl":{"start":{"line":6,"column":2},"end":{"line":6,"column":14}},"loc":{"start":{"line":6,"column":29},"end":{"line":8,"column":3}}},"1":{"name":"(anonymous_8)","decl":{"start":{"line":10,"column":18},"end":{"line":10,"column":41}},"loc":{"start":{"line":10,"column":43},"end":{"line":12,"column":4}}},"2":{"name":"(anonymous_9)","decl":{"start":{"line":10,"column":43},"end":{"line":10,"column":null}},"loc":{"start":{"line":10,"column":43},"end":{"line":12,"column":3}}},"3":{"name":"(anonymous_10)","decl":{"start":{"line":14,"column":19},"end":{"line":14,"column":26}},"loc":{"start":{"line":14,"column":70},"end":{"line":16,"column":4}}},"4":{"name":"(anonymous_11)","decl":{"start":{"line":14,"column":70},"end":{"line":14,"column":null}},"loc":{"start":{"line":14,"column":70},"end":{"line":16,"column":3}}},"5":{"name":"(anonymous_12)","decl":{"start":{"line":18,"column":21},"end":{"line":18,"column":28}},"loc":{"start":{"line":18,"column":58},"end":{"line":21,"column":4}}},"6":{"name":"(anonymous_13)","decl":{"start":{"line":18,"column":58},"end":{"line":18,"column":null}},"loc":{"start":{"line":18,"column":58},"end":{"line":21,"column":3}}},"7":{"name":"(anonymous_14)","decl":{"start":{"line":23,"column":18},"end":{"line":23,"column":null}},"loc":{"start":{"line":26,"column":25},"end":{"line":28,"column":4}}},"8":{"name":"(anonymous_15)","decl":{"start":{"line":26,"column":25},"end":{"line":26,"column":null}},"loc":{"start":{"line":26,"column":25},"end":{"line":28,"column":3}}},"9":{"name":"(anonymous_16)","decl":{"start":{"line":30,"column":18},"end":{"line":30,"column":25}},"loc":{"start":{"line":30,"column":69},"end":{"line":32,"column":4}}},"10":{"name":"(anonymous_17)","decl":{"start":{"line":30,"column":69},"end":{"line":30,"column":null}},"loc":{"start":{"line":30,"column":69},"end":{"line":32,"column":3}}}},"branchMap":{},"s":{"0":2,"1":1,"2":1,"3":2,"4":1,"5":1,"6":2,"7":1,"8":1,"9":1,"10":2,"11":1,"12":1,"13":2,"14":1,"15":1,"16":2,"17":1},"f":{"0":2,"1":1,"2":1,"3":1,"4":1,"5":1,"6":1,"7":1,"8":1,"9":1,"10":1},"b":{}}
,"/home/sanskar.mishra/book-backend/src/lib/config/dbConnection.ts": {"path":"/home/sanskar.mishra/book-backend/src/lib/config/dbConnection.ts","statementMap":{"0":{"start":{"line":1,"column":0},"end":{"line":1,"column":32}},"1":{"start":{"line":5,"column":10},"end":{"line":5,"column":64}},"2":{"start":{"line":16,"column":9},"end":{"line":23,"column":4}},"3":{"start":{"line":16,"column":47},"end":{"line":23,"column":4}},"4":{"start":{"line":17,"column":4},"end":{"line":22,"column":5}},"5":{"start":{"line":18,"column":6},"end":{"line":18,"column":44}},"6":{"start":{"line":19,"column":6},"end":{"line":19,"column":47}},"7":{"start":{"line":21,"column":6},"end":{"line":21,"column":45}},"8":{"start":{"line":25,"column":9},"end":{"line":27,"column":4}},"9":{"start":{"line":25,"column":55},"end":{"line":27,"column":4}},"10":{"start":{"line":26,"column":4},"end":{"line":26,"column":38}},"11":{"start":{"line":9,"column":16},"end":{"line":9,"column":30}},"12":{"start":{"line":10,"column":4},"end":{"line":12,"column":5}},"13":{"start":{"line":11,"column":6},"end":{"line":11,"column":49}},"14":{"start":{"line":13,"column":4},"end":{"line":13,"column":33}},"15":{"start":{"line":30,"column":0},"end":{"line":30,"column":28}}},"fnMap":{"0":{"name":"(anonymous_8)","decl":{"start":{"line":7,"column":2},"end":{"line":7,"column":25}},"loc":{"start":{"line":7,"column":2},"end":{"line":7,"column":26}}},"1":{"name":"(anonymous_9)","decl":{"start":{"line":16,"column":21},"end":{"line":16,"column":45}},"loc":{"start":{"line":16,"column":47},"end":{"line":23,"column":4}}},"2":{"name":"(anonymous_10)","decl":{"start":{"line":16,"column":47},"end":{"line":16,"column":null}},"loc":{"start":{"line":16,"column":47},"end":{"line":23,"column":3}}},"3":{"name":"(anonymous_11)","decl":{"start":{"line":25,"column":29},"end":{"line":25,"column":53}},"loc":{"start":{"line":25,"column":55},"end":{"line":27,"column":4}}},"4":{"name":"(anonymous_12)","decl":{"start":{"line":25,"column":55},"end":{"line":25,"column":null}},"loc":{"start":{"line":25,"column":55},"end":{"line":27,"column":3}}},"5":{"name":"(anonymous_13)","decl":{"start":{"line":9,"column":30},"end":{"line":9,"column":47}},"loc":{"start":{"line":9,"column":49},"end":{"line":14,"column":null}}}},"branchMap":{"0":{"loc":{"start":{"line":10,"column":4},"end":{"line":12,"column":5}},"type":"if","locations":[{"start":{"line":10,"column":4},"end":{"line":12,"column":5}}]}},"s":{"0":1,"1":1,"2":1,"3":7,"4":7,"5":7,"6":7,"7":0,"8":1,"9":7,"10":7,"11":1,"12":1,"13":1,"14":1,"15":1},"f":{"0":1,"1":7,"2":7,"3":7,"4":7,"5":1},"b":{"0":[1]}}
,"/home/sanskar.mishra/book-backend/src/lib/config/responseHandler.ts": {"path":"/home/sanskar.mishra/book-backend/src/lib/config/responseHandler.ts","statementMap":{"0":{"start":{"line":9,"column":18},"end":{"line":18,"column":null}},"1":{"start":{"line":11,"column":32},"end":{"line":15,"column":null}},"2":{"start":{"line":16,"column":8},"end":{"line":16,"column":35}},"3":{"start":{"line":17,"column":8},"end":{"line":17,"column":34}},"4":{"start":{"line":20,"column":18},"end":{"line":31,"column":null}},"5":{"start":{"line":22,"column":30},"end":{"line":28,"column":null}},"6":{"start":{"line":29,"column":8},"end":{"line":29,"column":31}},"7":{"start":{"line":30,"column":8},"end":{"line":30,"column":null}},"8":{"start":{"line":33,"column":0},"end":{"line":33,"column":30}}},"fnMap":{"0":{"name":"(anonymous_0)","decl":{"start":{"line":9,"column":28},"end":{"line":9,"column":29}},"loc":{"start":{"line":9,"column":80},"end":{"line":18,"column":5}}},"1":{"name":"(anonymous_1)","decl":{"start":{"line":20,"column":26},"end":{"line":20,"column":27}},"loc":{"start":{"line":20,"column":61},"end":{"line":31,"column":5}}}},"branchMap":{},"s":{"0":1,"1":0,"2":0,"3":0,"4":1,"5":0,"6":0,"7":0,"8":1},"f":{"0":0,"1":0},"b":{}}
,"/home/sanskar.mishra/book-backend/src/lib/middlewares/auth.middleware.ts": {"path":"/home/sanskar.mishra/book-backend/src/lib/middlewares/auth.middleware.ts","statementMap":{"0":{"start":{"line":1,"column":0},"end":{"line":1,"column":31}},"1":{"start":{"line":2,"column":0},"end":{"line":2,"column":38}},"2":{"start":{"line":7,"column":11},"end":{"line":25,"column":8}},"3":{"start":{"line":8,"column":8},"end":{"line":24,"column":9}},"4":{"start":{"line":9,"column":33},"end":{"line":9,"column":57}},"5":{"start":{"line":10,"column":10},"end":{"line":10,"column":29}},"6":{"start":{"line":11,"column":10},"end":{"line":17,"column":11}},"7":{"start":{"line":12,"column":12},"end":{"line":12,"column":57}},"8":{"start":{"line":15,"column":12},"end":{"line":15,"column":37}},"9":{"start":{"line":16,"column":12},"end":{"line":16,"column":19}},"10":{"start":{"line":19,"column":10},"end":{"line":19,"column":null}},"11":{"start":{"line":28,"column":0},"end":{"line":28,"column":53}}},"fnMap":{"0":{"name":"(anonymous_1)","decl":{"start":{"line":5,"column":0},"end":{"line":5,"column":6}},"loc":{"start":{"line":5,"column":0},"end":{"line":26,"column":1}}},"1":{"name":"(anonymous_2)","decl":{"start":{"line":7,"column":30},"end":{"line":7,"column":31}},"loc":{"start":{"line":7,"column":84},"end":{"line":25,"column":7}}}},"branchMap":{"0":{"loc":{"start":{"line":11,"column":10},"end":{"line":17,"column":11}},"type":"if","locations":[{"start":{"line":11,"column":10},"end":{"line":17,"column":11}},{"start":{"line":14,"column":17},"end":{"line":17,"column":11}}]}},"s":{"0":1,"1":1,"2":1,"3":0,"4":0,"5":0,"6":0,"7":0,"8":0,"9":0,"10":0,"11":1},"f":{"0":1,"1":0},"b":{"0":[0,0]}}
,"/home/sanskar.mishra/book-backend/src/lib/middlewares/logger.middleware.ts": {"path":"/home/sanskar.mishra/book-backend/src/lib/middlewares/logger.middleware.ts","statementMap":{"0":{"start":{"line":3,"column":9},"end":{"line":12,"column":4}},"1":{"start":{"line":8,"column":4},"end":{"line":10,"column":6}},"2":{"start":{"line":11,"column":4},"end":{"line":11,"column":11}},"3":{"start":{"line":14,"column":0},"end":{"line":14,"column":48}}},"fnMap":{"0":{"name":"(anonymous_0)","decl":{"start":{"line":2,"column":0},"end":{"line":2,"column":6}},"loc":{"start":{"line":2,"column":0},"end":{"line":13,"column":1}}},"1":{"name":"(anonymous_1)","decl":{"start":{"line":3,"column":21},"end":{"line":3,"column":null}},"loc":{"start":{"line":7,"column":12},"end":{"line":12,"column":3}}}},"branchMap":{},"s":{"0":1,"1":7,"2":7,"3":1},"f":{"0":1,"1":7},"b":{}}
,"/home/sanskar.mishra/book-backend/src/lib/middlewares/notFound.middlware.ts": {"path":"/home/sanskar.mishra/book-backend/src/lib/middlewares/notFound.middlware.ts","statementMap":{"0":{"start":{"line":2,"column":0},"end":{"line":2,"column":38}},"1":{"start":{"line":4,"column":9},"end":{"line":10,"column":4}},"2":{"start":{"line":9,"column":4},"end":{"line":9,"column":45}},"3":{"start":{"line":13,"column":0},"end":{"line":13,"column":43}}},"fnMap":{"0":{"name":"(anonymous_1)","decl":{"start":{"line":3,"column":0},"end":{"line":3,"column":6}},"loc":{"start":{"line":3,"column":0},"end":{"line":11,"column":1}}},"1":{"name":"(anonymous_2)","decl":{"start":{"line":4,"column":24},"end":{"line":4,"column":null}},"loc":{"start":{"line":8,"column":12},"end":{"line":10,"column":3}}}},"branchMap":{},"s":{"0":1,"1":1,"2":0,"3":1},"f":{"0":1,"1":0},"b":{}}
,"/home/sanskar.mishra/book-backend/src/modules/book/book.controller.ts": {"path":"/home/sanskar.mishra/book-backend/src/modules/book/book.controller.ts","statementMap":{"0":{"start":{"line":2,"column":0},"end":{"line":2,"column":41}},"1":{"start":{"line":4,"column":0},"end":{"line":4,"column":29}},"2":{"start":{"line":5,"column":0},"end":{"line":5,"column":20}},"3":{"start":{"line":6,"column":0},"end":{"line":6,"column":40}},"4":{"start":{"line":7,"column":0},"end":{"line":7,"column":52}},"5":{"start":{"line":9,"column":0},"end":{"line":9,"column":47}},"6":{"start":{"line":10,"column":0},"end":{"line":10,"column":64}},"7":{"start":{"line":13,"column":0},"end":{"line":13,"column":68}},"8":{"start":{"line":14,"column":0},"end":{"line":14,"column":36}},"9":{"start":{"line":23,"column":9},"end":{"line":31,"column":4}},"10":{"start":{"line":23,"column":71},"end":{"line":31,"column":4}},"11":{"start":{"line":24,"column":4},"end":{"line":30,"column":5}},"12":{"start":{"line":25,"column":6},"end":{"line":25,"column":29}},"13":{"start":{"line":26,"column":36},"end":{"line":26,"column":67}},"14":{"start":{"line":27,"column":6},"end":{"line":27,"column":34}},"15":{"start":{"line":29,"column":6},"end":{"line":29,"column":34}},"16":{"start":{"line":33,"column":9},"end":{"line":41,"column":4}},"17":{"start":{"line":33,"column":72},"end":{"line":41,"column":4}},"18":{"start":{"line":34,"column":4},"end":{"line":40,"column":5}},"19":{"start":{"line":35,"column":25},"end":{"line":35,"column":35}},"20":{"start":{"line":36,"column":33},"end":{"line":36,"column":71}},"21":{"start":{"line":37,"column":6},"end":{"line":37,"column":33}},"22":{"start":{"line":39,"column":6},"end":{"line":39,"column":34}},"23":{"start":{"line":43,"column":9},"end":{"line":54,"column":4}},"24":{"start":{"line":43,"column":74},"end":{"line":54,"column":4}},"25":{"start":{"line":44,"column":4},"end":{"line":53,"column":5}},"26":{"start":{"line":45,"column":40},"end":{"line":46,"column":null}},"27":{"start":{"line":48,"column":6},"end":{"line":50,"column":69}},"28":{"start":{"line":52,"column":6},"end":{"line":52,"column":34}},"29":{"start":{"line":56,"column":9},"end":{"line":68,"column":4}},"30":{"start":{"line":56,"column":71},"end":{"line":68,"column":4}},"31":{"start":{"line":57,"column":4},"end":{"line":67,"column":5}},"32":{"start":{"line":58,"column":25},"end":{"line":58,"column":35}},"33":{"start":{"line":59,"column":29},"end":{"line":59,"column":37}},"34":{"start":{"line":60,"column":40},"end":{"line":62,"column":null}},"35":{"start":{"line":64,"column":6},"end":{"line":64,"column":82}},"36":{"start":{"line":66,"column":6},"end":{"line":66,"column":34}},"37":{"start":{"line":70,"column":9},"end":{"line":77,"column":4}},"38":{"start":{"line":70,"column":74},"end":{"line":77,"column":4}},"39":{"start":{"line":71,"column":4},"end":{"line":76,"column":5}},"40":{"start":{"line":72,"column":6},"end":{"line":72,"column":41}},"41":{"start":{"line":73,"column":6},"end":{"line":73,"column":74}},"42":{"start":{"line":75,"column":6},"end":{"line":75,"column":34}},"43":{"start":{"line":79,"column":9},"end":{"line":87,"column":4}},"44":{"start":{"line":79,"column":71},"end":{"line":87,"column":4}},"45":{"start":{"line":80,"column":4},"end":{"line":86,"column":5}},"46":{"start":{"line":81,"column":25},"end":{"line":81,"column":35}},"47":{"start":{"line":82,"column":26},"end":{"line":82,"column":63}},"48":{"start":{"line":83,"column":6},"end":{"line":83,"column":82}},"49":{"start":{"line":85,"column":6},"end":{"line":85,"column":34}},"50":{"start":{"line":89,"column":9},"end":{"line":165,"column":4}},"51":{"start":{"line":89,"column":73},"end":{"line":165,"column":4}},"52":{"start":{"line":90,"column":4},"end":{"line":164,"column":5}},"53":{"start":{"line":91,"column":55},"end":{"line":91,"column":63}},"54":{"start":{"line":92,"column":6},"end":{"line":92,"column":33}},"55":{"start":{"line":94,"column":6},"end":{"line":161,"column":7}},"56":{"start":{"line":95,"column":25},"end":{"line":95,"column":37}},"57":{"start":{"line":98,"column":27},"end":{"line":98,"column":28}},"58":{"start":{"line":101,"column":26},"end":{"line":101,"column":47}},"59":{"start":{"line":102,"column":25},"end":{"line":102,"column":39}},"60":{"start":{"line":103,"column":26},"end":{"line":103,"column":58}},"61":{"start":{"line":106,"column":8},"end":{"line":157,"column":9}},"62":{"start":{"line":106,"column":21},"end":{"line":106,"column":22}},"63":{"start":{"line":107,"column":24},"end":{"line":107,"column":37}},"64":{"start":{"line":108,"column":22},"end":{"line":108,"column":65}},"65":{"start":{"line":110,"column":25},"end":{"line":112,"column":12}},"66":{"start":{"line":132,"column":28},"end":{"line":132,"column":38}},"67":{"start":{"line":137,"column":10},"end":{"line":145,"column":13}},"68":{"start":{"line":138,"column":28},"end":{"line":138,"column":38}},"69":{"start":{"line":139,"column":12},"end":{"line":139,"column":54}},"70":{"start":{"line":141,"column":12},"end":{"line":141,"column":64}},"71":{"start":{"line":143,"column":12},"end":{"line":143,"column":59}},"72":{"start":{"line":144,"column":12},"end":{"line":144,"column":33}},"73":{"start":{"line":148,"column":10},"end":{"line":150,"column":13}},"74":{"start":{"line":149,"column":12},"end":{"line":149,"column":67}},"75":{"start":{"line":152,"column":10},"end":{"line":156,"column":13}},"76":{"start":{"line":153,"column":12},"end":{"line":155,"column":13}},"77":{"start":{"line":154,"column":14},"end":{"line":154,"column":75}},"78":{"start":{"line":158,"column":8},"end":{"line":158,"column":71}},"79":{"start":{"line":160,"column":8},"end":{"line":160,"column":53}},"80":{"start":{"line":163,"column":6},"end":{"line":163,"column":34}},"81":{"start":{"line":167,"column":9},"end":{"line":338,"column":4}},"82":{"start":{"line":167,"column":56},"end":{"line":338,"column":4}},"83":{"start":{"line":169,"column":23},"end":{"line":169,"column":32}},"84":{"start":{"line":171,"column":4},"end":{"line":171,"column":23}},"85":{"start":{"line":173,"column":26},"end":{"line":186,"column":6}},"86":{"start":{"line":188,"column":25},"end":{"line":195,"column":6}},"87":{"start":{"line":197,"column":24},"end":{"line":203,"column":6}},"88":{"start":{"line":205,"column":45},"end":{"line":205,"column":47}},"89":{"start":{"line":207,"column":4},"end":{"line":214,"column":5}},"90":{"start":{"line":208,"column":34},"end":{"line":208,"column":49}},"91":{"start":{"line":209,"column":6},"end":{"line":213,"column":7}},"92":{"start":{"line":210,"column":8},"end":{"line":212,"column":11}},"93":{"start":{"line":216,"column":27},"end":{"line":216,"column":40}},"94":{"start":{"line":217,"column":25},"end":{"line":217,"column":37}},"95":{"start":{"line":218,"column":17},"end":{"line":218,"column":19}},"96":{"start":{"line":219,"column":17},"end":{"line":219,"column":21}},"97":{"start":{"line":220,"column":18},"end":{"line":220,"column":19}},"98":{"start":{"line":221,"column":13},"end":{"line":221,"column":14}},"99":{"start":{"line":222,"column":14},"end":{"line":222,"column":16}},"100":{"start":{"line":224,"column":4},"end":{"line":231,"column":5}},"101":{"start":{"line":226,"column":6},"end":{"line":228,"column":55}},"102":{"start":{"line":227,"column":8},"end":{"line":227,"column":45}},"103":{"start":{"line":228,"column":11},"end":{"line":228,"column":55}},"104":{"start":{"line":230,"column":6},"end":{"line":230,"column":39}},"105":{"start":{"line":233,"column":4},"end":{"line":239,"column":5}},"106":{"start":{"line":234,"column":6},"end":{"line":236,"column":55}},"107":{"start":{"line":235,"column":8},"end":{"line":235,"column":45}},"108":{"start":{"line":236,"column":11},"end":{"line":236,"column":55}},"109":{"start":{"line":238,"column":6},"end":{"line":238,"column":38}},"110":{"start":{"line":241,"column":4},"end":{"line":245,"column":5}},"111":{"start":{"line":242,"column":6},"end":{"line":242,"column":45}},"112":{"start":{"line":244,"column":6},"end":{"line":244,"column":20}},"113":{"start":{"line":247,"column":4},"end":{"line":251,"column":5}},"114":{"start":{"line":248,"column":6},"end":{"line":248,"column":43}},"115":{"start":{"line":250,"column":6},"end":{"line":250,"column":22}},"116":{"start":{"line":253,"column":4},"end":{"line":261,"column":5}},"117":{"start":{"line":254,"column":6},"end":{"line":258,"column":7}},"118":{"start":{"line":255,"column":8},"end":{"line":255,"column":22}},"119":{"start":{"line":257,"column":8},"end":{"line":257,"column":22}},"120":{"start":{"line":260,"column":6},"end":{"line":260,"column":20}},"121":{"start":{"line":263,"column":4},"end":{"line":274,"column":7}},"122":{"start":{"line":276,"column":4},"end":{"line":310,"column":5}},"123":{"start":{"line":277,"column":6},"end":{"line":289,"column":7}},"124":{"start":{"line":278,"column":8},"end":{"line":282,"column":11}},"125":{"start":{"line":283,"column":13},"end":{"line":289,"column":7}},"126":{"start":{"line":284,"column":8},"end":{"line":288,"column":11}},"127":{"start":{"line":290,"column":6},"end":{"line":296,"column":7}},"128":{"start":{"line":291,"column":8},"end":{"line":295,"column":11}},"129":{"start":{"line":297,"column":6},"end":{"line":303,"column":7}},"130":{"start":{"line":298,"column":8},"end":{"line":302,"column":11}},"131":{"start":{"line":305,"column":6},"end":{"line":309,"column":9}},"132":{"start":{"line":312,"column":4},"end":{"line":316,"column":5}},"133":{"start":{"line":313,"column":6},"end":{"line":313,"column":35}},"134":{"start":{"line":315,"column":6},"end":{"line":315,"column":15}},"135":{"start":{"line":318,"column":4},"end":{"line":322,"column":5}},"136":{"start":{"line":319,"column":6},"end":{"line":319,"column":37}},"137":{"start":{"line":321,"column":6},"end":{"line":321,"column":17}},"138":{"start":{"line":324,"column":4},"end":{"line":331,"column":7}},"139":{"start":{"line":333,"column":18},"end":{"line":333,"column":55}},"140":{"start":{"line":335,"column":4},"end":{"line":335,"column":23}},"141":{"start":{"line":337,"column":4},"end":{"line":337,"column":32}},"142":{"start":{"line":340,"column":9},"end":{"line":511,"column":4}},"143":{"start":{"line":340,"column":68},"end":{"line":511,"column":4}},"144":{"start":{"line":341,"column":4},"end":{"line":510,"column":5}},"145":{"start":{"line":342,"column":33},"end":{"line":342,"column":41}},"146":{"start":{"line":343,"column":24},"end":{"line":343,"column":34}},"147":{"start":{"line":344,"column":24},"end":{"line":344,"column":28}},"148":{"start":{"line":345,"column":28},"end":{"line":345,"column":29}},"149":{"start":{"line":346,"column":23},"end":{"line":346,"column":24}},"150":{"start":{"line":348,"column":27},"end":{"line":348,"column":29}},"151":{"start":{"line":350,"column":36},"end":{"line":350,"column":38}},"152":{"start":{"line":351,"column":55},"end":{"line":351,"column":63}},"153":{"start":{"line":352,"column":6},"end":{"line":352,"column":33}},"154":{"start":{"line":356,"column":23},"end":{"line":356,"column":25}},"155":{"start":{"line":358,"column":8},"end":{"line":369,"column":9}},"156":{"start":{"line":359,"column":23},"end":{"line":359,"column":37}},"157":{"start":{"line":361,"column":32},"end":{"line":361,"column":38}},"158":{"start":{"line":363,"column":10},"end":{"line":366,"column":11}},"159":{"start":{"line":363,"column":23},"end":{"line":363,"column":24}},"160":{"start":{"line":364,"column":12},"end":{"line":364,"column":60}},"161":{"start":{"line":365,"column":12},"end":{"line":365,"column":45}},"162":{"start":{"line":368,"column":10},"end":{"line":368,"column":55}},"163":{"start":{"line":371,"column":8},"end":{"line":371,"column":22}},"164":{"start":{"line":374,"column":6},"end":{"line":507,"column":7}},"165":{"start":{"line":375,"column":25},"end":{"line":375,"column":37}},"166":{"start":{"line":377,"column":27},"end":{"line":377,"column":56}},"167":{"start":{"line":379,"column":8},"end":{"line":502,"column":11}},"168":{"start":{"line":385,"column":12},"end":{"line":440,"column":13}},"169":{"start":{"line":388,"column":30},"end":{"line":388,"column":41}},"170":{"start":{"line":390,"column":40},"end":{"line":390,"column":65}},"171":{"start":{"line":392,"column":14},"end":{"line":392,"column":35}},"172":{"start":{"line":394,"column":32},"end":{"line":396,"column":16}},"173":{"start":{"line":398,"column":14},"end":{"line":427,"column":15}},"174":{"start":{"line":400,"column":16},"end":{"line":400,"column":32}},"175":{"start":{"line":401,"column":52},"end":{"line":405,"column":18}},"176":{"start":{"line":407,"column":16},"end":{"line":411,"column":19}},"177":{"start":{"line":412,"column":16},"end":{"line":415,"column":17}},"178":{"start":{"line":413,"column":18},"end":{"line":413,"column":68}},"179":{"start":{"line":414,"column":18},"end":{"line":414,"column":40}},"180":{"start":{"line":417,"column":16},"end":{"line":421,"column":19}},"181":{"start":{"line":423,"column":16},"end":{"line":426,"column":17}},"182":{"start":{"line":424,"column":18},"end":{"line":424,"column":68}},"183":{"start":{"line":425,"column":18},"end":{"line":425,"column":31}},"184":{"start":{"line":429,"column":30},"end":{"line":429,"column":40}},"185":{"start":{"line":430,"column":52},"end":{"line":435,"column":16}},"186":{"start":{"line":437,"column":14},"end":{"line":437,"column":60}},"187":{"start":{"line":439,"column":14},"end":{"line":439,"column":62}},"188":{"start":{"line":443,"column":12},"end":{"line":446,"column":13}},"189":{"start":{"line":444,"column":14},"end":{"line":444,"column":44}},"190":{"start":{"line":445,"column":14},"end":{"line":445,"column":27}},"191":{"start":{"line":448,"column":12},"end":{"line":451,"column":13}},"192":{"start":{"line":449,"column":14},"end":{"line":449,"column":64}},"193":{"start":{"line":450,"column":14},"end":{"line":450,"column":36}},"194":{"start":{"line":453,"column":28},"end":{"line":453,"column":38}},"195":{"start":{"line":454,"column":12},"end":{"line":454,"column":54}},"196":{"start":{"line":456,"column":50},"end":{"line":461,"column":14}},"197":{"start":{"line":463,"column":12},"end":{"line":465,"column":13}},"198":{"start":{"line":464,"column":14},"end":{"line":464,"column":60}},"199":{"start":{"line":467,"column":12},"end":{"line":467,"column":42}},"200":{"start":{"line":469,"column":12},"end":{"line":469,"column":40}},"201":{"start":{"line":471,"column":33},"end":{"line":501,"column":null}},"202":{"start":{"line":472,"column":12},"end":{"line":475,"column":13}},"203":{"start":{"line":473,"column":14},"end":{"line":473,"column":44}},"204":{"start":{"line":474,"column":14},"end":{"line":474,"column":27}},"205":{"start":{"line":477,"column":12},"end":{"line":480,"column":13}},"206":{"start":{"line":478,"column":14},"end":{"line":478,"column":64}},"207":{"start":{"line":479,"column":14},"end":{"line":479,"column":36}},"208":{"start":{"line":482,"column":48},"end":{"line":486,"column":14}},"209":{"start":{"line":488,"column":12},"end":{"line":488,"column":62}},"210":{"start":{"line":490,"column":28},"end":{"line":490,"column":38}},"211":{"start":{"line":491,"column":50},"end":{"line":496,"column":14}},"212":{"start":{"line":498,"column":12},"end":{"line":498,"column":58}},"213":{"start":{"line":500,"column":12},"end":{"line":500,"column":58}},"214":{"start":{"line":504,"column":8},"end":{"line":504,"column":39}},"215":{"start":{"line":506,"column":8},"end":{"line":506,"column":37}},"216":{"start":{"line":509,"column":6},"end":{"line":509,"column":70}},"217":{"start":{"line":513,"column":9},"end":{"line":525,"column":4}},"218":{"start":{"line":516,"column":21},"end":{"line":525,"column":4}},"219":{"start":{"line":517,"column":4},"end":{"line":524,"column":5}},"220":{"start":{"line":518,"column":48},"end":{"line":519,"column":null}},"221":{"start":{"line":521,"column":6},"end":{"line":521,"column":40}},"222":{"start":{"line":523,"column":6},"end":{"line":523,"column":34}},"223":{"start":{"line":527,"column":9},"end":{"line":538,"column":4}},"224":{"start":{"line":530,"column":21},"end":{"line":538,"column":4}},"225":{"start":{"line":531,"column":4},"end":{"line":537,"column":5}},"226":{"start":{"line":532,"column":28},"end":{"line":532,"column":38}},"227":{"start":{"line":533,"column":57},"end":{"line":533,"column":119}},"228":{"start":{"line":534,"column":6},"end":{"line":534,"column":50}},"229":{"start":{"line":536,"column":6},"end":{"line":536,"column":34}},"230":{"start":{"line":540,"column":9},"end":{"line":547,"column":4}},"231":{"start":{"line":543,"column":21},"end":{"line":547,"column":4}},"232":{"start":{"line":544,"column":4},"end":{"line":544,"column":41}},"233":{"start":{"line":546,"column":4},"end":{"line":546,"column":53}},"234":{"start":{"line":20,"column":4},"end":{"line":20,"column":41}},"235":{"start":{"line":549,"column":0},"end":{"line":549,"column":30}}},"fnMap":{"0":{"name":"(anonymous_8)","decl":{"start":{"line":19,"column":2},"end":{"line":19,"column":null}},"loc":{"start":{"line":19,"column":2},"end":{"line":21,"column":3}}},"1":{"name":"(anonymous_9)","decl":{"start":{"line":23,"column":18},"end":{"line":23,"column":25}},"loc":{"start":{"line":23,"column":71},"end":{"line":31,"column":4}}},"2":{"name":"(anonymous_10)","decl":{"start":{"line":23,"column":71},"end":{"line":23,"column":null}},"loc":{"start":{"line":23,"column":71},"end":{"line":31,"column":3}}},"3":{"name":"(anonymous_11)","decl":{"start":{"line":33,"column":19},"end":{"line":33,"column":26}},"loc":{"start":{"line":33,"column":72},"end":{"line":41,"column":4}}},"4":{"name":"(anonymous_12)","decl":{"start":{"line":33,"column":72},"end":{"line":33,"column":null}},"loc":{"start":{"line":33,"column":72},"end":{"line":41,"column":3}}},"5":{"name":"(anonymous_13)","decl":{"start":{"line":43,"column":21},"end":{"line":43,"column":28}},"loc":{"start":{"line":43,"column":74},"end":{"line":54,"column":4}}},"6":{"name":"(anonymous_14)","decl":{"start":{"line":43,"column":74},"end":{"line":43,"column":null}},"loc":{"start":{"line":43,"column":74},"end":{"line":54,"column":3}}},"7":{"name":"(anonymous_15)","decl":{"start":{"line":56,"column":18},"end":{"line":56,"column":25}},"loc":{"start":{"line":56,"column":71},"end":{"line":68,"column":4}}},"8":{"name":"(anonymous_16)","decl":{"start":{"line":56,"column":71},"end":{"line":56,"column":null}},"loc":{"start":{"line":56,"column":71},"end":{"line":68,"column":3}}},"9":{"name":"(anonymous_17)","decl":{"start":{"line":70,"column":21},"end":{"line":70,"column":28}},"loc":{"start":{"line":70,"column":74},"end":{"line":77,"column":4}}},"10":{"name":"(anonymous_18)","decl":{"start":{"line":70,"column":74},"end":{"line":70,"column":null}},"loc":{"start":{"line":70,"column":74},"end":{"line":77,"column":3}}},"11":{"name":"(anonymous_19)","decl":{"start":{"line":79,"column":18},"end":{"line":79,"column":25}},"loc":{"start":{"line":79,"column":71},"end":{"line":87,"column":4}}},"12":{"name":"(anonymous_20)","decl":{"start":{"line":79,"column":71},"end":{"line":79,"column":null}},"loc":{"start":{"line":79,"column":71},"end":{"line":87,"column":3}}},"13":{"name":"(anonymous_21)","decl":{"start":{"line":89,"column":20},"end":{"line":89,"column":27}},"loc":{"start":{"line":89,"column":73},"end":{"line":165,"column":4}}},"14":{"name":"(anonymous_22)","decl":{"start":{"line":89,"column":73},"end":{"line":89,"column":null}},"loc":{"start":{"line":89,"column":73},"end":{"line":165,"column":3}}},"15":{"name":"(anonymous_23)","decl":{"start":{"line":137,"column":31},"end":{"line":137,"column":32}},"loc":{"start":{"line":137,"column":43},"end":{"line":145,"column":11}}},"16":{"name":"(anonymous_24)","decl":{"start":{"line":148,"column":29},"end":{"line":148,"column":30}},"loc":{"start":{"line":148,"column":39},"end":{"line":150,"column":11}}},"17":{"name":"(anonymous_25)","decl":{"start":{"line":152,"column":28},"end":{"line":152,"column":29}},"loc":{"start":{"line":152,"column":37},"end":{"line":156,"column":11}}},"18":{"name":"(anonymous_26)","decl":{"start":{"line":167,"column":18},"end":{"line":167,"column":25}},"loc":{"start":{"line":167,"column":56},"end":{"line":338,"column":4}}},"19":{"name":"(anonymous_27)","decl":{"start":{"line":167,"column":56},"end":{"line":167,"column":null}},"loc":{"start":{"line":167,"column":56},"end":{"line":338,"column":3}}},"20":{"name":"(anonymous_28)","decl":{"start":{"line":340,"column":30},"end":{"line":340,"column":37}},"loc":{"start":{"line":340,"column":68},"end":{"line":511,"column":4}}},"21":{"name":"(anonymous_29)","decl":{"start":{"line":340,"column":68},"end":{"line":340,"column":null}},"loc":{"start":{"line":340,"column":68},"end":{"line":511,"column":3}}},"22":{"name":"transformRowData","decl":{"start":{"line":355,"column":15},"end":{"line":355,"column":31}},"loc":{"start":{"line":355,"column":40},"end":{"line":372,"column":7}}},"23":{"name":"(anonymous_31)","decl":{"start":{"line":384,"column":16},"end":{"line":384,"column":32}},"loc":{"start":{"line":384,"column":38},"end":{"line":441,"column":null}}},"24":{"name":"(anonymous_33)","decl":{"start":{"line":442,"column":20},"end":{"line":442,"column":null}},"loc":{"start":{"line":442,"column":20},"end":{"line":470,"column":null}}},"25":{"name":"(anonymous_35)","decl":{"start":{"line":471,"column":17},"end":{"line":471,"column":24}},"loc":{"start":{"line":471,"column":33},"end":{"line":501,"column":null}}},"26":{"name":"(anonymous_36)","decl":{"start":{"line":471,"column":33},"end":{"line":471,"column":null}},"loc":{"start":{"line":471,"column":33},"end":{"line":501,"column":11}}},"27":{"name":"(anonymous_37)","decl":{"start":{"line":513,"column":29},"end":{"line":513,"column":null}},"loc":{"start":{"line":516,"column":21},"end":{"line":525,"column":4}}},"28":{"name":"(anonymous_38)","decl":{"start":{"line":516,"column":21},"end":{"line":516,"column":null}},"loc":{"start":{"line":516,"column":21},"end":{"line":525,"column":3}}},"29":{"name":"(anonymous_39)","decl":{"start":{"line":527,"column":37},"end":{"line":527,"column":null}},"loc":{"start":{"line":530,"column":21},"end":{"line":538,"column":4}}},"30":{"name":"(anonymous_40)","decl":{"start":{"line":530,"column":21},"end":{"line":530,"column":null}},"loc":{"start":{"line":530,"column":21},"end":{"line":538,"column":3}}},"31":{"name":"(anonymous_41)","decl":{"start":{"line":540,"column":34},"end":{"line":540,"column":null}},"loc":{"start":{"line":543,"column":21},"end":{"line":547,"column":4}}},"32":{"name":"(anonymous_42)","decl":{"start":{"line":543,"column":21},"end":{"line":543,"column":null}},"loc":{"start":{"line":543,"column":21},"end":{"line":547,"column":3}}}},"branchMap":{"0":{"loc":{"start":{"line":92,"column":18},"end":{"line":92,"column":31}},"type":"cond-expr","locations":[{"start":{"line":92,"column":25},"end":{"line":92,"column":27}},{"start":{"line":92,"column":18},"end":{"line":92,"column":31}}]},"1":{"loc":{"start":{"line":92,"column":18},"end":{"line":92,"column":27}},"type":"binary-expr","locations":[{"start":{"line":92,"column":18},"end":{"line":92,"column":27}},{"start":{"line":92,"column":18},"end":{"line":92,"column":27}}]},"2":{"loc":{"start":{"line":94,"column":6},"end":{"line":161,"column":7}},"type":"if","locations":[{"start":{"line":94,"column":6},"end":{"line":161,"column":7}},{"start":{"line":159,"column":13},"end":{"line":161,"column":7}}]},"3":{"loc":{"start":{"line":153,"column":12},"end":{"line":155,"column":13}},"type":"if","locations":[{"start":{"line":153,"column":12},"end":{"line":155,"column":13}}]},"4":{"loc":{"start":{"line":207,"column":4},"end":{"line":214,"column":5}},"type":"if","locations":[{"start":{"line":207,"column":4},"end":{"line":214,"column":5}}]},"5":{"loc":{"start":{"line":209,"column":6},"end":{"line":213,"column":7}},"type":"if","locations":[{"start":{"line":209,"column":6},"end":{"line":213,"column":7}}]},"6":{"loc":{"start":{"line":224,"column":4},"end":{"line":231,"column":5}},"type":"if","locations":[{"start":{"line":224,"column":4},"end":{"line":231,"column":5}},{"start":{"line":229,"column":11},"end":{"line":231,"column":5}}]},"7":{"loc":{"start":{"line":226,"column":6},"end":{"line":228,"column":55}},"type":"if","locations":[{"start":{"line":226,"column":6},"end":{"line":228,"column":55}},{"start":{"line":228,"column":11},"end":{"line":228,"column":55}}]},"8":{"loc":{"start":{"line":233,"column":4},"end":{"line":239,"column":5}},"type":"if","locations":[{"start":{"line":233,"column":4},"end":{"line":239,"column":5}},{"start":{"line":237,"column":11},"end":{"line":239,"column":5}}]},"9":{"loc":{"start":{"line":234,"column":6},"end":{"line":236,"column":55}},"type":"if","locations":[{"start":{"line":234,"column":6},"end":{"line":236,"column":55}},{"start":{"line":236,"column":11},"end":{"line":236,"column":55}}]},"10":{"loc":{"start":{"line":241,"column":4},"end":{"line":245,"column":5}},"type":"if","locations":[{"start":{"line":241,"column":4},"end":{"line":245,"column":5}},{"start":{"line":243,"column":11},"end":{"line":245,"column":5}}]},"11":{"loc":{"start":{"line":247,"column":4},"end":{"line":251,"column":5}},"type":"if","locations":[{"start":{"line":247,"column":4},"end":{"line":251,"column":5}},{"start":{"line":249,"column":11},"end":{"line":251,"column":5}}]},"12":{"loc":{"start":{"line":253,"column":4},"end":{"line":261,"column":5}},"type":"if","locations":[{"start":{"line":253,"column":4},"end":{"line":261,"column":5}},{"start":{"line":259,"column":11},"end":{"line":261,"column":5}}]},"13":{"loc":{"start":{"line":254,"column":6},"end":{"line":258,"column":7}},"type":"if","locations":[{"start":{"line":254,"column":6},"end":{"line":258,"column":7}},{"start":{"line":256,"column":13},"end":{"line":258,"column":7}}]},"14":{"loc":{"start":{"line":276,"column":4},"end":{"line":310,"column":5}},"type":"if","locations":[{"start":{"line":276,"column":4},"end":{"line":310,"column":5}},{"start":{"line":304,"column":11},"end":{"line":310,"column":5}}]},"15":{"loc":{"start":{"line":277,"column":6},"end":{"line":289,"column":7}},"type":"if","locations":[{"start":{"line":277,"column":6},"end":{"line":289,"column":7}},{"start":{"line":283,"column":13},"end":{"line":289,"column":7}}]},"16":{"loc":{"start":{"line":283,"column":13},"end":{"line":289,"column":7}},"type":"if","locations":[{"start":{"line":283,"column":13},"end":{"line":289,"column":7}}]},"17":{"loc":{"start":{"line":290,"column":6},"end":{"line":296,"column":7}},"type":"if","locations":[{"start":{"line":290,"column":6},"end":{"line":296,"column":7}}]},"18":{"loc":{"start":{"line":297,"column":6},"end":{"line":303,"column":7}},"type":"if","locations":[{"start":{"line":297,"column":6},"end":{"line":303,"column":7}}]},"19":{"loc":{"start":{"line":312,"column":4},"end":{"line":316,"column":5}},"type":"if","locations":[{"start":{"line":312,"column":4},"end":{"line":316,"column":5}},{"start":{"line":314,"column":11},"end":{"line":316,"column":5}}]},"20":{"loc":{"start":{"line":318,"column":4},"end":{"line":322,"column":5}},"type":"if","locations":[{"start":{"line":318,"column":4},"end":{"line":322,"column":5}},{"start":{"line":320,"column":11},"end":{"line":322,"column":5}}]},"21":{"loc":{"start":{"line":352,"column":18},"end":{"line":352,"column":31}},"type":"cond-expr","locations":[{"start":{"line":352,"column":25},"end":{"line":352,"column":27}},{"start":{"line":352,"column":18},"end":{"line":352,"column":31}}]},"22":{"loc":{"start":{"line":352,"column":18},"end":{"line":352,"column":27}},"type":"binary-expr","locations":[{"start":{"line":352,"column":18},"end":{"line":352,"column":27}},{"start":{"line":352,"column":18},"end":{"line":352,"column":27}}]},"23":{"loc":{"start":{"line":364,"column":34},"end":{"line":364,"column":59}},"type":"binary-expr","locations":[{"start":{"line":364,"column":34},"end":{"line":364,"column":53}},{"start":{"line":364,"column":57},"end":{"line":364,"column":59}}]},"24":{"loc":{"start":{"line":374,"column":6},"end":{"line":507,"column":7}},"type":"if","locations":[{"start":{"line":374,"column":6},"end":{"line":507,"column":7}},{"start":{"line":505,"column":13},"end":{"line":507,"column":7}}]},"25":{"loc":{"start":{"line":398,"column":14},"end":{"line":427,"column":15}},"type":"if","locations":[{"start":{"line":398,"column":14},"end":{"line":427,"column":15}},{"start":{"line":416,"column":21},"end":{"line":427,"column":15}}]},"26":{"loc":{"start":{"line":412,"column":16},"end":{"line":415,"column":17}},"type":"if","locations":[{"start":{"line":412,"column":16},"end":{"line":415,"column":17}}]},"27":{"loc":{"start":{"line":423,"column":16},"end":{"line":426,"column":17}},"type":"if","locations":[{"start":{"line":423,"column":16},"end":{"line":426,"column":17}}]},"28":{"loc":{"start":{"line":443,"column":12},"end":{"line":446,"column":13}},"type":"if","locations":[{"start":{"line":443,"column":12},"end":{"line":446,"column":13}}]},"29":{"loc":{"start":{"line":448,"column":12},"end":{"line":451,"column":13}},"type":"if","locations":[{"start":{"line":448,"column":12},"end":{"line":451,"column":13}}]},"30":{"loc":{"start":{"line":463,"column":12},"end":{"line":465,"column":13}},"type":"if","locations":[{"start":{"line":463,"column":12},"end":{"line":465,"column":13}}]},"31":{"loc":{"start":{"line":472,"column":12},"end":{"line":475,"column":13}},"type":"if","locations":[{"start":{"line":472,"column":12},"end":{"line":475,"column":13}}]},"32":{"loc":{"start":{"line":477,"column":12},"end":{"line":480,"column":13}},"type":"if","locations":[{"start":{"line":477,"column":12},"end":{"line":480,"column":13}}]}},"s":{"0":1,"1":1,"2":1,"3":1,"4":1,"5":1,"6":1,"7":1,"8":1,"9":1,"10":1,"11":1,"12":1,"13":1,"14":1,"15":0,"16":1,"17":1,"18":1,"19":1,"20":1,"21":1,"22":0,"23":1,"24":1,"25":1,"26":1,"27":1,"28":0,"29":1,"30":1,"31":1,"32":1,"33":1,"34":1,"35":1,"36":0,"37":1,"38":0,"39":0,"40":0,"41":0,"42":0,"43":1,"44":1,"45":1,"46":1,"47":1,"48":0,"49":1,"50":1,"51":0,"52":0,"53":0,"54":0,"55":0,"56":0,"57":0,"58":0,"59":0,"60":0,"61":0,"62":0,"63":0,"64":0,"65":0,"66":0,"67":0,"68":0,"69":0,"70":0,"71":0,"72":0,"73":0,"74":0,"75":0,"76":0,"77":0,"78":0,"79":0,"80":0,"81":1,"82":0,"83":0,"84":0,"85":0,"86":0,"87":0,"88":0,"89":0,"90":0,"91":0,"92":0,"93":0,"94":0,"95":0,"96":0,"97":0,"98":0,"99":0,"100":0,"101":0,"102":0,"103":0,"104":0,"105":0,"106":0,"107":0,"108":0,"109":0,"110":0,"111":0,"112":0,"113":0,"114":0,"115":0,"116":0,"117":0,"118":0,"119":0,"120":0,"121":0,"122":0,"123":0,"124":0,"125":0,"126":0,"127":0,"128":0,"129":0,"130":0,"131":0,"132":0,"133":0,"134":0,"135":0,"136":0,"137":0,"138":0,"139":0,"140":0,"141":0,"142":1,"143":0,"144":0,"145":0,"146":0,"147":0,"148":0,"149":0,"150":0,"151":0,"152":0,"153":0,"154":0,"155":0,"156":0,"157":0,"158":0,"159":0,"160":0,"161":0,"162":0,"163":0,"164":0,"165":0,"166":0,"167":0,"168":0,"169":0,"170":0,"171":0,"172":0,"173":0,"174":0,"175":0,"176":0,"177":0,"178":0,"179":0,"180":0,"181":0,"182":0,"183":0,"184":0,"185":0,"186":0,"187":0,"188":0,"189":0,"190":0,"191":0,"192":0,"193":0,"194":0,"195":0,"196":0,"197":0,"198":0,"199":0,"200":0,"201":0,"202":0,"203":0,"204":0,"205":0,"206":0,"207":0,"208":0,"209":0,"210":0,"211":0,"212":0,"213":0,"214":0,"215":0,"216":0,"217":1,"218":1,"219":1,"220":1,"221":0,"222":1,"223":1,"224":1,"225":1,"226":1,"227":1,"228":0,"229":1,"230":1,"231":0,"232":0,"233":0,"234":1,"235":1},"f":{"0":1,"1":1,"2":1,"3":1,"4":1,"5":1,"6":1,"7":1,"8":1,"9":0,"10":0,"11":1,"12":1,"13":0,"14":0,"15":0,"16":0,"17":0,"18":0,"19":0,"20":0,"21":0,"22":0,"23":0,"24":0,"25":0,"26":0,"27":1,"28":1,"29":1,"30":1,"31":0,"32":0},"b":{"0":[0,0],"1":[0,0],"2":[0,0],"3":[0],"4":[0],"5":[0],"6":[0,0],"7":[0,0],"8":[0,0],"9":[0,0],"10":[0,0],"11":[0,0],"12":[0,0],"13":[0,0],"14":[0,0],"15":[0,0],"16":[0],"17":[0],"18":[0],"19":[0,0],"20":[0,0],"21":[0,0],"22":[0,0],"23":[0,0],"24":[0,0],"25":[0,0],"26":[0],"27":[0],"28":[0],"29":[0],"30":[0],"31":[0],"32":[0]}}
,"/home/sanskar.mishra/book-backend/src/modules/book/book.routes.ts": {"path":"/home/sanskar.mishra/book-backend/src/modules/book/book.routes.ts","statementMap":{"0":{"start":{"line":1,"column":0},"end":{"line":1,"column":30}},"1":{"start":{"line":2,"column":0},"end":{"line":2,"column":47}},"2":{"start":{"line":3,"column":0},"end":{"line":3,"column":27}},"3":{"start":{"line":5,"column":15},"end":{"line":5,"column":31}},"4":{"start":{"line":7,"column":23},"end":{"line":7,"column":43}},"5":{"start":{"line":13,"column":15},"end":{"line":13,"column":42}},"6":{"start":{"line":17,"column":0},"end":{"line":17,"column":86}},"7":{"start":{"line":21,"column":0},"end":{"line":21,"column":45}},"8":{"start":{"line":23,"column":0},"end":{"line":23,"column":44}},"9":{"start":{"line":24,"column":0},"end":{"line":24,"column":53}},"10":{"start":{"line":25,"column":0},"end":{"line":25,"column":48}},"11":{"start":{"line":26,"column":0},"end":{"line":26,"column":54}},"12":{"start":{"line":27,"column":0},"end":{"line":27,"column":50}},"13":{"start":{"line":28,"column":0},"end":{"line":28,"column":55}},"14":{"start":{"line":31,"column":0},"end":{"line":31,"column":67}},"15":{"start":{"line":32,"column":0},"end":{"line":32,"column":88}},"16":{"start":{"line":33,"column":0},"end":{"line":33,"column":82}},"17":{"start":{"line":36,"column":0},"end":{"line":36,"column":22}}},"fnMap":{},"branchMap":{},"s":{"0":1,"1":1,"2":1,"3":1,"4":1,"5":1,"6":1,"7":1,"8":1,"9":1,"10":1,"11":1,"12":1,"13":1,"14":1,"15":1,"16":1,"17":1},"f":{},"b":{}}
,"/home/sanskar.mishra/book-backend/src/modules/book/book.service.ts": {"path":"/home/sanskar.mishra/book-backend/src/modules/book/book.service.ts","statementMap":{"0":{"start":{"line":1,"column":0},"end":{"line":1,"column":60}},"1":{"start":{"line":11,"column":9},"end":{"line":13,"column":4}},"2":{"start":{"line":11,"column":54},"end":{"line":13,"column":4}},"3":{"start":{"line":12,"column":4},"end":{"line":12,"column":40}},"4":{"start":{"line":15,"column":9},"end":{"line":17,"column":4}},"5":{"start":{"line":15,"column":67},"end":{"line":17,"column":4}},"6":{"start":{"line":16,"column":4},"end":{"line":16,"column":47}},"7":{"start":{"line":19,"column":9},"end":{"line":21,"column":4}},"8":{"start":{"line":19,"column":66},"end":{"line":21,"column":4}},"9":{"start":{"line":20,"column":4},"end":{"line":20,"column":47}},"10":{"start":{"line":23,"column":9},"end":{"line":28,"column":4}},"11":{"start":{"line":26,"column":29},"end":{"line":28,"column":4}},"12":{"start":{"line":27,"column":4},"end":{"line":27,"column":59}},"13":{"start":{"line":30,"column":9},"end":{"line":32,"column":4}},"14":{"start":{"line":30,"column":66},"end":{"line":32,"column":4}},"15":{"start":{"line":31,"column":4},"end":{"line":31,"column":46}},"16":{"start":{"line":34,"column":9},"end":{"line":36,"column":4}},"17":{"start":{"line":34,"column":47},"end":{"line":36,"column":4}},"18":{"start":{"line":35,"column":4},"end":{"line":35,"column":36}},"19":{"start":{"line":39,"column":9},"end":{"line":41,"column":4}},"20":{"start":{"line":39,"column":57},"end":{"line":41,"column":4}},"21":{"start":{"line":40,"column":4},"end":{"line":40,"column":41}},"22":{"start":{"line":8,"column":4},"end":{"line":8,"column":41}},"23":{"start":{"line":45,"column":0},"end":{"line":45,"column":27}}},"fnMap":{"0":{"name":"(anonymous_8)","decl":{"start":{"line":7,"column":2},"end":{"line":7,"column":null}},"loc":{"start":{"line":7,"column":2},"end":{"line":9,"column":3}}},"1":{"name":"(anonymous_9)","decl":{"start":{"line":11,"column":18},"end":{"line":11,"column":52}},"loc":{"start":{"line":11,"column":54},"end":{"line":13,"column":4}}},"2":{"name":"(anonymous_10)","decl":{"start":{"line":11,"column":54},"end":{"line":11,"column":null}},"loc":{"start":{"line":11,"column":54},"end":{"line":13,"column":3}}},"3":{"name":"(anonymous_11)","decl":{"start":{"line":15,"column":19},"end":{"line":15,"column":26}},"loc":{"start":{"line":15,"column":67},"end":{"line":17,"column":4}}},"4":{"name":"(anonymous_12)","decl":{"start":{"line":15,"column":67},"end":{"line":15,"column":null}},"loc":{"start":{"line":15,"column":67},"end":{"line":17,"column":3}}},"5":{"name":"(anonymous_13)","decl":{"start":{"line":19,"column":21},"end":{"line":19,"column":28}},"loc":{"start":{"line":19,"column":66},"end":{"line":21,"column":4}}},"6":{"name":"(anonymous_14)","decl":{"start":{"line":19,"column":66},"end":{"line":19,"column":null}},"loc":{"start":{"line":19,"column":66},"end":{"line":21,"column":3}}},"7":{"name":"(anonymous_15)","decl":{"start":{"line":23,"column":18},"end":{"line":23,"column":null}},"loc":{"start":{"line":26,"column":29},"end":{"line":28,"column":4}}},"8":{"name":"(anonymous_16)","decl":{"start":{"line":26,"column":29},"end":{"line":26,"column":null}},"loc":{"start":{"line":26,"column":29},"end":{"line":28,"column":3}}},"9":{"name":"(anonymous_17)","decl":{"start":{"line":30,"column":18},"end":{"line":30,"column":25}},"loc":{"start":{"line":30,"column":66},"end":{"line":32,"column":4}}},"10":{"name":"(anonymous_18)","decl":{"start":{"line":30,"column":66},"end":{"line":30,"column":null}},"loc":{"start":{"line":30,"column":66},"end":{"line":32,"column":3}}},"11":{"name":"(anonymous_19)","decl":{"start":{"line":34,"column":21},"end":{"line":34,"column":45}},"loc":{"start":{"line":34,"column":47},"end":{"line":36,"column":4}}},"12":{"name":"(anonymous_20)","decl":{"start":{"line":34,"column":47},"end":{"line":34,"column":null}},"loc":{"start":{"line":34,"column":47},"end":{"line":36,"column":3}}},"13":{"name":"(anonymous_21)","decl":{"start":{"line":39,"column":21},"end":{"line":39,"column":28}},"loc":{"start":{"line":39,"column":57},"end":{"line":41,"column":4}}},"14":{"name":"(anonymous_22)","decl":{"start":{"line":39,"column":57},"end":{"line":39,"column":null}},"loc":{"start":{"line":39,"column":57},"end":{"line":41,"column":3}}}},"branchMap":{},"s":{"0":1,"1":1,"2":1,"3":1,"4":1,"5":1,"6":1,"7":1,"8":1,"9":1,"10":1,"11":1,"12":1,"13":1,"14":1,"15":1,"16":1,"17":0,"18":0,"19":1,"20":0,"21":0,"22":1,"23":1},"f":{"0":1,"1":1,"2":1,"3":1,"4":1,"5":1,"6":1,"7":1,"8":1,"9":1,"10":1,"11":0,"12":0,"13":0,"14":0},"b":{}}
,"/home/sanskar.mishra/book-backend/src/modules/book/book.validation.ts": {"path":"/home/sanskar.mishra/book-backend/src/modules/book/book.validation.ts","statementMap":{"0":{"start":{"line":1,"column":0},"end":{"line":1,"column":22}},"1":{"start":{"line":48,"column":13},"end":{"line":58,"column":3}},"2":{"start":{"line":61,"column":13},"end":{"line":64,"column":3}},"3":{"start":{"line":67,"column":13},"end":{"line":78,"column":3}}},"fnMap":{},"branchMap":{},"s":{"0":1,"1":1,"2":1,"3":1},"f":{},"b":{}}
,"/home/sanskar.mishra/book-backend/src/modules/book/repositories/book.repository.ts": {"path":"/home/sanskar.mishra/book-backend/src/modules/book/repositories/book.repository.ts","statementMap":{"0":{"start":{"line":2,"column":0},"end":{"line":2,"column":63}},"1":{"start":{"line":5,"column":0},"end":{"line":5,"column":39}},"2":{"start":{"line":6,"column":0},"end":{"line":6,"column":51}},"3":{"start":{"line":10,"column":4},"end":{"line":10,"column":16}},"4":{"start":{"line":13,"column":9},"end":{"line":15,"column":4}},"5":{"start":{"line":13,"column":47},"end":{"line":15,"column":4}},"6":{"start":{"line":14,"column":4},"end":{"line":14,"column":30}},"7":{"start":{"line":17,"column":9},"end":{"line":19,"column":null}},"8":{"start":{"line":17,"column":59},"end":{"line":19,"column":null}},"9":{"start":{"line":18,"column":4},"end":{"line":18,"column":49}},"10":{"start":{"line":22,"column":9},"end":{"line":24,"column":null}},"11":{"start":{"line":22,"column":65},"end":{"line":24,"column":null}},"12":{"start":{"line":23,"column":4},"end":{"line":23,"column":45}},"13":{"start":{"line":26,"column":9},"end":{"line":28,"column":null}},"14":{"start":{"line":26,"column":95},"end":{"line":28,"column":null}},"15":{"start":{"line":27,"column":4},"end":{"line":27,"column":41}},"16":{"start":{"line":30,"column":0},"end":{"line":30,"column":30}}},"fnMap":{"0":{"name":"(anonymous_8)","decl":{"start":{"line":9,"column":2},"end":{"line":9,"column":null}},"loc":{"start":{"line":9,"column":2},"end":{"line":11,"column":3}}},"1":{"name":"(anonymous_9)","decl":{"start":{"line":13,"column":21},"end":{"line":13,"column":45}},"loc":{"start":{"line":13,"column":47},"end":{"line":15,"column":4}}},"2":{"name":"(anonymous_10)","decl":{"start":{"line":13,"column":47},"end":{"line":13,"column":null}},"loc":{"start":{"line":13,"column":47},"end":{"line":15,"column":3}}},"3":{"name":"(anonymous_11)","decl":{"start":{"line":17,"column":21},"end":{"line":17,"column":28}},"loc":{"start":{"line":17,"column":59},"end":{"line":19,"column":null}}},"4":{"name":"(anonymous_12)","decl":{"start":{"line":17,"column":59},"end":{"line":17,"column":null}},"loc":{"start":{"line":17,"column":59},"end":{"line":19,"column":3}}},"5":{"name":"(anonymous_13)","decl":{"start":{"line":22,"column":29},"end":{"line":22,"column":63}},"loc":{"start":{"line":22,"column":65},"end":{"line":24,"column":null}}},"6":{"name":"(anonymous_14)","decl":{"start":{"line":22,"column":65},"end":{"line":22,"column":null}},"loc":{"start":{"line":22,"column":65},"end":{"line":24,"column":3}}},"7":{"name":"(anonymous_15)","decl":{"start":{"line":26,"column":32},"end":{"line":26,"column":39}},"loc":{"start":{"line":26,"column":95},"end":{"line":28,"column":null}}},"8":{"name":"(anonymous_16)","decl":{"start":{"line":26,"column":95},"end":{"line":26,"column":null}},"loc":{"start":{"line":26,"column":95},"end":{"line":28,"column":3}}}},"branchMap":{},"s":{"0":1,"1":1,"2":1,"3":1,"4":1,"5":0,"6":0,"7":1,"8":0,"9":0,"10":1,"11":0,"12":0,"13":1,"14":0,"15":0,"16":1},"f":{"0":1,"1":0,"2":0,"3":0,"4":0,"5":0,"6":0,"7":0,"8":0},"b":{}}
,"/home/sanskar.mishra/book-backend/src/modules/book/repositories/models/book.model.ts": {"path":"/home/sanskar.mishra/book-backend/src/modules/book/repositories/models/book.model.ts","statementMap":{"0":{"start":{"line":1,"column":0},"end":{"line":1,"column":44}},"1":{"start":{"line":4,"column":38},"end":{"line":13,"column":2}},"2":{"start":{"line":35,"column":48},"end":{"line":66,"column":2}},"3":{"start":{"line":68,"column":34},"end":{"line":104,"column":null}},"4":{"start":{"line":107,"column":0},"end":{"line":122,"column":2}},"5":{"start":{"line":124,"column":13},"end":{"line":124,"column":54}},"6":{"start":{"line":126,"column":0},"end":{"line":128,"column":3}},"7":{"start":{"line":127,"column":2},"end":{"line":127,"column":29}},"8":{"start":{"line":131,"column":0},"end":{"line":131,"column":20}}},"fnMap":{"0":{"name":"(anonymous_1)","decl":{"start":{"line":126,"column":17},"end":{"line":126,"column":22}},"loc":{"start":{"line":126,"column":25},"end":{"line":128,"column":1}}}},"branchMap":{},"s":{"0":1,"1":1,"2":1,"3":1,"4":1,"5":1,"6":1,"7":4,"8":1},"f":{"0":4},"b":{}}
,"/home/sanskar.mishra/book-backend/src/modules/book/repositories/models/bulkError.model.ts": {"path":"/home/sanskar.mishra/book-backend/src/modules/book/repositories/models/bulkError.model.ts","statementMap":{"0":{"start":{"line":1,"column":0},"end":{"line":1,"column":44}},"1":{"start":{"line":4,"column":44},"end":{"line":10,"column":null}},"2":{"start":{"line":13,"column":24},"end":{"line":15,"column":null}},"3":{"start":{"line":18,"column":0},"end":{"line":18,"column":31}}},"fnMap":{},"branchMap":{},"s":{"0":1,"1":1,"2":1,"3":1},"f":{},"b":{}}
,"/home/sanskar.mishra/book-backend/src/modules/book/repositories/models/bulkUpload.model.ts": {"path":"/home/sanskar.mishra/book-backend/src/modules/book/repositories/models/bulkUpload.model.ts","statementMap":{"0":{"start":{"line":1,"column":0},"end":{"line":1,"column":44}},"1":{"start":{"line":4,"column":46},"end":{"line":11,"column":null}},"2":{"start":{"line":14,"column":19},"end":{"line":14,"column":78}},"3":{"start":{"line":16,"column":0},"end":{"line":16,"column":26}}},"fnMap":{},"branchMap":{},"s":{"0":1,"1":1,"2":1,"3":1},"f":{},"b":{}}
,"/home/sanskar.mishra/book-backend/src/modules/user/user.controller.ts": {"path":"/home/sanskar.mishra/book-backend/src/modules/user/user.controller.ts","statementMap":{"0":{"start":{"line":2,"column":0},"end":{"line":2,"column":31}},"1":{"start":{"line":4,"column":0},"end":{"line":4,"column":41}},"2":{"start":{"line":6,"column":0},"end":{"line":6,"column":62}},"3":{"start":{"line":15,"column":9},"end":{"line":23,"column":4}},"4":{"start":{"line":15,"column":92},"end":{"line":23,"column":4}},"5":{"start":{"line":16,"column":4},"end":{"line":22,"column":5}},"6":{"start":{"line":17,"column":36},"end":{"line":17,"column":67}},"7":{"start":{"line":19,"column":6},"end":{"line":19,"column":70}},"8":{"start":{"line":21,"column":6},"end":{"line":21,"column":18}},"9":{"start":{"line":25,"column":9},"end":{"line":33,"column":4}},"10":{"start":{"line":25,"column":93},"end":{"line":33,"column":4}},"11":{"start":{"line":26,"column":4},"end":{"line":32,"column":5}},"12":{"start":{"line":27,"column":25},"end":{"line":27,"column":35}},"13":{"start":{"line":28,"column":33},"end":{"line":28,"column":71}},"14":{"start":{"line":29,"column":6},"end":{"line":29,"column":33}},"15":{"start":{"line":31,"column":6},"end":{"line":31,"column":18}},"16":{"start":{"line":35,"column":9},"end":{"line":45,"column":4}},"17":{"start":{"line":35,"column":95},"end":{"line":45,"column":4}},"18":{"start":{"line":36,"column":4},"end":{"line":44,"column":5}},"19":{"start":{"line":37,"column":33},"end":{"line":37,"column":75}},"20":{"start":{"line":40,"column":6},"end":{"line":40,"column":69}},"21":{"start":{"line":43,"column":6},"end":{"line":43,"column":18}},"22":{"start":{"line":47,"column":9},"end":{"line":60,"column":4}},"23":{"start":{"line":47,"column":92},"end":{"line":60,"column":4}},"24":{"start":{"line":48,"column":4},"end":{"line":59,"column":5}},"25":{"start":{"line":49,"column":25},"end":{"line":49,"column":35}},"26":{"start":{"line":50,"column":30},"end":{"line":50,"column":38}},"27":{"start":{"line":51,"column":40},"end":{"line":53,"column":null}},"28":{"start":{"line":55,"column":6},"end":{"line":55,"column":70}},"29":{"start":{"line":58,"column":6},"end":{"line":58,"column":18}},"30":{"start":{"line":62,"column":9},"end":{"line":71,"column":4}},"31":{"start":{"line":62,"column":92},"end":{"line":71,"column":4}},"32":{"start":{"line":63,"column":4},"end":{"line":70,"column":5}},"33":{"start":{"line":64,"column":25},"end":{"line":64,"column":35}},"34":{"start":{"line":65,"column":40},"end":{"line":65,"column":77}},"35":{"start":{"line":66,"column":6},"end":{"line":66,"column":70}},"36":{"start":{"line":69,"column":6},"end":{"line":69,"column":18}},"37":{"start":{"line":73,"column":9},"end":{"line":93,"column":4}},"38":{"start":{"line":73,"column":91},"end":{"line":93,"column":4}},"39":{"start":{"line":74,"column":4},"end":{"line":92,"column":5}},"40":{"start":{"line":75,"column":34},"end":{"line":75,"column":42}},"41":{"start":{"line":76,"column":37},"end":{"line":77,"column":null}},"42":{"start":{"line":80,"column":6},"end":{"line":89,"column":7}},"43":{"start":{"line":81,"column":8},"end":{"line":81,"column":75}},"44":{"start":{"line":82,"column":11},"end":{"line":89,"column":7}},"45":{"start":{"line":83,"column":8},"end":{"line":83,"column":67}},"46":{"start":{"line":85,"column":30},"end":{"line":85,"column":58}},"47":{"start":{"line":86,"column":8},"end":{"line":86,"column":39}},"48":{"start":{"line":87,"column":8},"end":{"line":87,"column":73}},"49":{"start":{"line":91,"column":6},"end":{"line":91,"column":18}},"50":{"start":{"line":12,"column":4},"end":{"line":12,"column":41}},"51":{"start":{"line":95,"column":0},"end":{"line":95,"column":30}}},"fnMap":{"0":{"name":"(anonymous_8)","decl":{"start":{"line":11,"column":2},"end":{"line":11,"column":null}},"loc":{"start":{"line":11,"column":2},"end":{"line":13,"column":3}}},"1":{"name":"(anonymous_9)","decl":{"start":{"line":15,"column":18},"end":{"line":15,"column":25}},"loc":{"start":{"line":15,"column":92},"end":{"line":23,"column":4}}},"2":{"name":"(anonymous_10)","decl":{"start":{"line":15,"column":92},"end":{"line":15,"column":null}},"loc":{"start":{"line":15,"column":92},"end":{"line":23,"column":3}}},"3":{"name":"(anonymous_11)","decl":{"start":{"line":25,"column":19},"end":{"line":25,"column":26}},"loc":{"start":{"line":25,"column":93},"end":{"line":33,"column":4}}},"4":{"name":"(anonymous_12)","decl":{"start":{"line":25,"column":93},"end":{"line":25,"column":null}},"loc":{"start":{"line":25,"column":93},"end":{"line":33,"column":3}}},"5":{"name":"(anonymous_13)","decl":{"start":{"line":35,"column":21},"end":{"line":35,"column":28}},"loc":{"start":{"line":35,"column":95},"end":{"line":45,"column":4}}},"6":{"name":"(anonymous_14)","decl":{"start":{"line":35,"column":95},"end":{"line":35,"column":null}},"loc":{"start":{"line":35,"column":95},"end":{"line":45,"column":3}}},"7":{"name":"(anonymous_15)","decl":{"start":{"line":47,"column":18},"end":{"line":47,"column":25}},"loc":{"start":{"line":47,"column":92},"end":{"line":60,"column":4}}},"8":{"name":"(anonymous_16)","decl":{"start":{"line":47,"column":92},"end":{"line":47,"column":null}},"loc":{"start":{"line":47,"column":92},"end":{"line":60,"column":3}}},"9":{"name":"(anonymous_17)","decl":{"start":{"line":62,"column":18},"end":{"line":62,"column":25}},"loc":{"start":{"line":62,"column":92},"end":{"line":71,"column":4}}},"10":{"name":"(anonymous_18)","decl":{"start":{"line":62,"column":92},"end":{"line":62,"column":null}},"loc":{"start":{"line":62,"column":92},"end":{"line":71,"column":3}}},"11":{"name":"(anonymous_19)","decl":{"start":{"line":73,"column":17},"end":{"line":73,"column":24}},"loc":{"start":{"line":73,"column":91},"end":{"line":93,"column":4}}},"12":{"name":"(anonymous_20)","decl":{"start":{"line":73,"column":91},"end":{"line":73,"column":null}},"loc":{"start":{"line":73,"column":91},"end":{"line":93,"column":3}}}},"branchMap":{"0":{"loc":{"start":{"line":80,"column":6},"end":{"line":89,"column":7}},"type":"if","locations":[{"start":{"line":80,"column":6},"end":{"line":89,"column":7}},{"start":{"line":82,"column":11},"end":{"line":89,"column":7}}]},"1":{"loc":{"start":{"line":82,"column":11},"end":{"line":89,"column":7}},"type":"if","locations":[{"start":{"line":82,"column":11},"end":{"line":89,"column":7}},{"start":{"line":84,"column":13},"end":{"line":89,"column":7}}]}},"s":{"0":1,"1":1,"2":1,"3":1,"4":0,"5":0,"6":0,"7":0,"8":0,"9":1,"10":0,"11":0,"12":0,"13":0,"14":0,"15":0,"16":1,"17":0,"18":0,"19":0,"20":0,"21":0,"22":1,"23":0,"24":0,"25":0,"26":0,"27":0,"28":0,"29":0,"30":1,"31":0,"32":0,"33":0,"34":0,"35":0,"36":0,"37":1,"38":0,"39":0,"40":0,"41":0,"42":0,"43":0,"44":0,"45":0,"46":0,"47":0,"48":0,"49":0,"50":1,"51":1},"f":{"0":1,"1":0,"2":0,"3":0,"4":0,"5":0,"6":0,"7":0,"8":0,"9":0,"10":0,"11":0,"12":0},"b":{"0":[0,0],"1":[0,0]}}
,"/home/sanskar.mishra/book-backend/src/modules/user/user.routes.ts": {"path":"/home/sanskar.mishra/book-backend/src/modules/user/user.routes.ts","statementMap":{"0":{"start":{"line":2,"column":0},"end":{"line":2,"column":30}},"1":{"start":{"line":3,"column":0},"end":{"line":3,"column":47}},"2":{"start":{"line":4,"column":0},"end":{"line":4,"column":67}},"3":{"start":{"line":5,"column":15},"end":{"line":5,"column":31}},"4":{"start":{"line":7,"column":23},"end":{"line":7,"column":43}},"5":{"start":{"line":11,"column":0},"end":{"line":11,"column":43}},"6":{"start":{"line":12,"column":0},"end":{"line":12,"column":55}},"7":{"start":{"line":13,"column":0},"end":{"line":13,"column":63}},"8":{"start":{"line":14,"column":0},"end":{"line":14,"column":64}},"9":{"start":{"line":15,"column":0},"end":{"line":15,"column":65}},"10":{"start":{"line":16,"column":0},"end":{"line":16,"column":44}},"11":{"start":{"line":19,"column":0},"end":{"line":19,"column":22}}},"fnMap":{},"branchMap":{},"s":{"0":1,"1":1,"2":1,"3":1,"4":1,"5":1,"6":1,"7":1,"8":1,"9":1,"10":1,"11":1},"f":{},"b":{}}
,"/home/sanskar.mishra/book-backend/src/modules/user/user.service.ts": {"path":"/home/sanskar.mishra/book-backend/src/modules/user/user.service.ts","statementMap":{"0":{"start":{"line":1,"column":0},"end":{"line":1,"column":60}},"1":{"start":{"line":11,"column":9},"end":{"line":13,"column":4}},"2":{"start":{"line":11,"column":54},"end":{"line":13,"column":4}},"3":{"start":{"line":12,"column":4},"end":{"line":12,"column":36}},"4":{"start":{"line":15,"column":9},"end":{"line":17,"column":4}},"5":{"start":{"line":15,"column":67},"end":{"line":17,"column":4}},"6":{"start":{"line":16,"column":4},"end":{"line":16,"column":43}},"7":{"start":{"line":19,"column":9},"end":{"line":21,"column":4}},"8":{"start":{"line":19,"column":66},"end":{"line":21,"column":4}},"9":{"start":{"line":20,"column":4},"end":{"line":20,"column":43}},"10":{"start":{"line":23,"column":9},"end":{"line":28,"column":4}},"11":{"start":{"line":26,"column":29},"end":{"line":28,"column":4}},"12":{"start":{"line":27,"column":4},"end":{"line":27,"column":55}},"13":{"start":{"line":30,"column":9},"end":{"line":32,"column":4}},"14":{"start":{"line":30,"column":66},"end":{"line":32,"column":4}},"15":{"start":{"line":31,"column":4},"end":{"line":31,"column":42}},"16":{"start":{"line":34,"column":9},"end":{"line":36,"column":4}},"17":{"start":{"line":34,"column":69},"end":{"line":36,"column":4}},"18":{"start":{"line":35,"column":4},"end":{"line":35,"column":45}},"19":{"start":{"line":8,"column":4},"end":{"line":8,"column":37}},"20":{"start":{"line":39,"column":0},"end":{"line":39,"column":27}}},"fnMap":{"0":{"name":"(anonymous_8)","decl":{"start":{"line":7,"column":2},"end":{"line":7,"column":null}},"loc":{"start":{"line":7,"column":2},"end":{"line":9,"column":3}}},"1":{"name":"(anonymous_9)","decl":{"start":{"line":11,"column":18},"end":{"line":11,"column":52}},"loc":{"start":{"line":11,"column":54},"end":{"line":13,"column":4}}},"2":{"name":"(anonymous_10)","decl":{"start":{"line":11,"column":54},"end":{"line":11,"column":null}},"loc":{"start":{"line":11,"column":54},"end":{"line":13,"column":3}}},"3":{"name":"(anonymous_11)","decl":{"start":{"line":15,"column":19},"end":{"line":15,"column":26}},"loc":{"start":{"line":15,"column":67},"end":{"line":17,"column":4}}},"4":{"name":"(anonymous_12)","decl":{"start":{"line":15,"column":67},"end":{"line":15,"column":null}},"loc":{"start":{"line":15,"column":67},"end":{"line":17,"column":3}}},"5":{"name":"(anonymous_13)","decl":{"start":{"line":19,"column":21},"end":{"line":19,"column":28}},"loc":{"start":{"line":19,"column":66},"end":{"line":21,"column":4}}},"6":{"name":"(anonymous_14)","decl":{"start":{"line":19,"column":66},"end":{"line":19,"column":null}},"loc":{"start":{"line":19,"column":66},"end":{"line":21,"column":3}}},"7":{"name":"(anonymous_15)","decl":{"start":{"line":23,"column":18},"end":{"line":23,"column":null}},"loc":{"start":{"line":26,"column":29},"end":{"line":28,"column":4}}},"8":{"name":"(anonymous_16)","decl":{"start":{"line":26,"column":29},"end":{"line":26,"column":null}},"loc":{"start":{"line":26,"column":29},"end":{"line":28,"column":3}}},"9":{"name":"(anonymous_17)","decl":{"start":{"line":30,"column":18},"end":{"line":30,"column":25}},"loc":{"start":{"line":30,"column":66},"end":{"line":32,"column":4}}},"10":{"name":"(anonymous_18)","decl":{"start":{"line":30,"column":66},"end":{"line":30,"column":null}},"loc":{"start":{"line":30,"column":66},"end":{"line":32,"column":3}}},"11":{"name":"(anonymous_19)","decl":{"start":{"line":34,"column":22},"end":{"line":34,"column":29}},"loc":{"start":{"line":34,"column":69},"end":{"line":36,"column":4}}},"12":{"name":"(anonymous_20)","decl":{"start":{"line":34,"column":69},"end":{"line":34,"column":null}},"loc":{"start":{"line":34,"column":69},"end":{"line":36,"column":3}}}},"branchMap":{},"s":{"0":1,"1":1,"2":0,"3":0,"4":1,"5":0,"6":0,"7":1,"8":0,"9":0,"10":1,"11":0,"12":0,"13":1,"14":0,"15":0,"16":1,"17":0,"18":0,"19":1,"20":1},"f":{"0":1,"1":0,"2":0,"3":0,"4":0,"5":0,"6":0,"7":0,"8":0,"9":0,"10":0,"11":0,"12":0},"b":{}}
,"/home/sanskar.mishra/book-backend/src/modules/user/repositories/user.repository.ts": {"path":"/home/sanskar.mishra/book-backend/src/modules/user/repositories/user.repository.ts","statementMap":{"0":{"start":{"line":1,"column":0},"end":{"line":1,"column":63}},"1":{"start":{"line":3,"column":0},"end":{"line":3,"column":39}},"2":{"start":{"line":9,"column":8},"end":{"line":9,"column":20}},"3":{"start":{"line":12,"column":11},"end":{"line":16,"column":null}},"4":{"start":{"line":12,"column":73},"end":{"line":16,"column":null}},"5":{"start":{"line":14,"column":8},"end":{"line":14,"column":61}},"6":{"start":{"line":18,"column":0},"end":{"line":18,"column":30}}},"fnMap":{"0":{"name":"(anonymous_8)","decl":{"start":{"line":8,"column":4},"end":{"line":8,"column":null}},"loc":{"start":{"line":8,"column":4},"end":{"line":10,"column":5}}},"1":{"name":"(anonymous_9)","decl":{"start":{"line":12,"column":24},"end":{"line":12,"column":31}},"loc":{"start":{"line":12,"column":73},"end":{"line":16,"column":null}}},"2":{"name":"(anonymous_10)","decl":{"start":{"line":12,"column":73},"end":{"line":12,"column":null}},"loc":{"start":{"line":12,"column":73},"end":{"line":16,"column":5}}}},"branchMap":{},"s":{"0":1,"1":1,"2":1,"3":1,"4":0,"5":0,"6":1},"f":{"0":1,"1":0,"2":0},"b":{}}
,"/home/sanskar.mishra/book-backend/src/modules/user/repositories/models/user.model.ts": {"path":"/home/sanskar.mishra/book-backend/src/modules/user/repositories/models/user.model.ts","statementMap":{"0":{"start":{"line":1,"column":0},"end":{"line":1,"column":41}},"1":{"start":{"line":4,"column":40},"end":{"line":13,"column":2}},"2":{"start":{"line":15,"column":34},"end":{"line":28,"column":2}},"3":{"start":{"line":30,"column":13},"end":{"line":30,"column":45}},"4":{"start":{"line":31,"column":0},"end":{"line":31,"column":20}}},"fnMap":{},"branchMap":{},"s":{"0":1,"1":1,"2":1,"3":1,"4":1},"f":{},"b":{}}
}
