TN:
SF:src/router.ts
FNF:0
FNH:0
DA:1,1
DA:2,1
DA:3,1
DA:5,1
DA:7,1
DA:8,1
DA:11,1
LF:7
LH:7
BRF:0
BRH:0
end_of_record
TN:
SF:src/server.ts
FN:14,(anonymous_8)
FN:22,(anonymous_9)
FN:22,(anonymous_10)
FN:36,(anonymous_11)
FN:39,(anonymous_12)
FN:47,(anonymous_13)
FN:47,(anonymous_14)
FN:49,(anonymous_15)
FN:54,(anonymous_16)
FN:29,(anonymous_17)
FNF:10
FNH:7
FNDA:1,(anonymous_8)
FNDA:1,(anonymous_9)
FNDA:1,(anonymous_10)
FNDA:1,(anonymous_11)
FNDA:1,(anonymous_12)
FNDA:0,(anonymous_13)
FNDA:0,(anonymous_14)
FNDA:0,(anonymous_15)
FNDA:7,(anonymous_16)
FNDA:1,(anonymous_17)
DA:1,1
DA:3,1
DA:4,1
DA:5,1
DA:6,1
DA:7,1
DA:15,1
DA:16,1
DA:17,1
DA:18,1
DA:19,1
DA:22,1
DA:23,1
DA:24,1
DA:25,1
DA:26,1
DA:30,1
DA:31,1
DA:33,1
DA:36,1
DA:37,1
DA:39,1
DA:40,1
DA:47,1
DA:48,0
DA:49,0
DA:50,0
DA:54,1
DA:55,7
DA:59,1
LF:30
LH:27
BRDA:30,0,0,1
BRF:1
BRH:1
end_of_record
TN:
SF:src/lib/base/base.repository.ts
FN:6,(anonymous_7)
FN:10,(anonymous_8)
FN:10,(anonymous_9)
FN:14,(anonymous_10)
FN:14,(anonymous_11)
FN:18,(anonymous_12)
FN:18,(anonymous_13)
FN:23,(anonymous_14)
FN:26,(anonymous_15)
FN:30,(anonymous_16)
FN:30,(anonymous_17)
FNF:11
FNH:11
FNDA:2,(anonymous_7)
FNDA:1,(anonymous_8)
FNDA:1,(anonymous_9)
FNDA:1,(anonymous_10)
FNDA:1,(anonymous_11)
FNDA:1,(anonymous_12)
FNDA:1,(anonymous_13)
FNDA:1,(anonymous_14)
FNDA:1,(anonymous_15)
FNDA:1,(anonymous_16)
FNDA:1,(anonymous_17)
DA:7,2
DA:10,2
DA:11,1
DA:14,2
DA:15,1
DA:18,2
DA:19,1
DA:20,1
DA:23,2
DA:26,1
DA:27,1
DA:30,2
DA:31,1
DA:34,1
LF:14
LH:14
BRF:0
BRH:0
end_of_record
TN:
SF:src/lib/config/dbConnection.ts
FN:7,(anonymous_8)
FN:16,(anonymous_9)
FN:16,(anonymous_10)
FN:25,(anonymous_11)
FN:25,(anonymous_12)
FN:9,(anonymous_13)
FNF:6
FNH:6
FNDA:1,(anonymous_8)
FNDA:7,(anonymous_9)
FNDA:7,(anonymous_10)
FNDA:7,(anonymous_11)
FNDA:7,(anonymous_12)
FNDA:1,(anonymous_13)
DA:1,1
DA:5,1
DA:9,1
DA:10,1
DA:11,1
DA:13,1
DA:16,7
DA:17,7
DA:18,7
DA:19,7
DA:21,0
DA:25,7
DA:26,7
DA:30,1
LF:14
LH:13
BRDA:10,0,0,1
BRF:1
BRH:1
end_of_record
TN:
SF:src/lib/config/responseHandler.ts
FN:9,(anonymous_0)
FN:20,(anonymous_1)
FNF:2
FNH:0
FNDA:0,(anonymous_0)
FNDA:0,(anonymous_1)
DA:9,1
DA:11,0
DA:16,0
DA:17,0
DA:20,1
DA:22,0
DA:29,0
DA:30,0
DA:33,1
LF:9
LH:3
BRF:0
BRH:0
end_of_record
TN:
SF:src/lib/middlewares/auth.middleware.ts
FN:5,(anonymous_1)
FN:7,(anonymous_2)
FNF:2
FNH:1
FNDA:1,(anonymous_1)
FNDA:0,(anonymous_2)
DA:1,1
DA:2,1
DA:7,1
DA:8,0
DA:9,0
DA:10,0
DA:11,0
DA:12,0
DA:15,0
DA:16,0
DA:19,0
DA:28,1
LF:12
LH:4
BRDA:11,0,0,0
BRDA:11,0,1,0
BRF:2
BRH:0
end_of_record
TN:
SF:src/lib/middlewares/logger.middleware.ts
FN:2,(anonymous_0)
FN:3,(anonymous_1)
FNF:2
FNH:2
FNDA:1,(anonymous_0)
FNDA:7,(anonymous_1)
DA:3,1
DA:8,7
DA:11,7
DA:14,1
LF:4
LH:4
BRF:0
BRH:0
end_of_record
TN:
SF:src/lib/middlewares/notFound.middlware.ts
FN:3,(anonymous_1)
FN:4,(anonymous_2)
FNF:2
FNH:1
FNDA:1,(anonymous_1)
FNDA:0,(anonymous_2)
DA:2,1
DA:4,1
DA:9,0
DA:13,1
LF:4
LH:3
BRF:0
BRH:0
end_of_record
TN:
SF:src/modules/book/book.controller.ts
FN:19,(anonymous_8)
FN:23,(anonymous_9)
FN:23,(anonymous_10)
FN:33,(anonymous_11)
FN:33,(anonymous_12)
FN:43,(anonymous_13)
FN:43,(anonymous_14)
FN:56,(anonymous_15)
FN:56,(anonymous_16)
FN:70,(anonymous_17)
FN:70,(anonymous_18)
FN:79,(anonymous_19)
FN:79,(anonymous_20)
FN:89,(anonymous_21)
FN:89,(anonymous_22)
FN:137,(anonymous_23)
FN:148,(anonymous_24)
FN:152,(anonymous_25)
FN:167,(anonymous_26)
FN:167,(anonymous_27)
FN:340,(anonymous_28)
FN:340,(anonymous_29)
FN:355,transformRowData
FN:384,(anonymous_31)
FN:442,(anonymous_33)
FN:471,(anonymous_35)
FN:471,(anonymous_36)
FN:513,(anonymous_37)
FN:516,(anonymous_38)
FN:527,(anonymous_39)
FN:530,(anonymous_40)
FN:540,(anonymous_41)
FN:543,(anonymous_42)
FNF:33
FNH:15
FNDA:1,(anonymous_8)
FNDA:1,(anonymous_9)
FNDA:1,(anonymous_10)
FNDA:1,(anonymous_11)
FNDA:1,(anonymous_12)
FNDA:1,(anonymous_13)
FNDA:1,(anonymous_14)
FNDA:1,(anonymous_15)
FNDA:1,(anonymous_16)
FNDA:0,(anonymous_17)
FNDA:0,(anonymous_18)
FNDA:1,(anonymous_19)
FNDA:1,(anonymous_20)
FNDA:0,(anonymous_21)
FNDA:0,(anonymous_22)
FNDA:0,(anonymous_23)
FNDA:0,(anonymous_24)
FNDA:0,(anonymous_25)
FNDA:0,(anonymous_26)
FNDA:0,(anonymous_27)
FNDA:0,(anonymous_28)
FNDA:0,(anonymous_29)
FNDA:0,transformRowData
FNDA:0,(anonymous_31)
FNDA:0,(anonymous_33)
FNDA:0,(anonymous_35)
FNDA:0,(anonymous_36)
FNDA:1,(anonymous_37)
FNDA:1,(anonymous_38)
FNDA:1,(anonymous_39)
FNDA:1,(anonymous_40)
FNDA:0,(anonymous_41)
FNDA:0,(anonymous_42)
DA:2,1
DA:4,1
DA:5,1
DA:6,1
DA:7,1
DA:9,1
DA:10,1
DA:13,1
DA:14,1
DA:20,1
DA:23,1
DA:24,1
DA:25,1
DA:26,1
DA:27,1
DA:29,0
DA:33,1
DA:34,1
DA:35,1
DA:36,1
DA:37,1
DA:39,0
DA:43,1
DA:44,1
DA:45,1
DA:48,1
DA:52,0
DA:56,1
DA:57,1
DA:58,1
DA:59,1
DA:60,1
DA:64,1
DA:66,0
DA:70,1
DA:71,0
DA:72,0
DA:73,0
DA:75,0
DA:79,1
DA:80,1
DA:81,1
DA:82,1
DA:83,0
DA:85,1
DA:89,1
DA:90,0
DA:91,0
DA:92,0
DA:94,0
DA:95,0
DA:98,0
DA:101,0
DA:102,0
DA:103,0
DA:106,0
DA:107,0
DA:108,0
DA:110,0
DA:132,0
DA:137,0
DA:138,0
DA:139,0
DA:141,0
DA:143,0
DA:144,0
DA:148,0
DA:149,0
DA:152,0
DA:153,0
DA:154,0
DA:158,0
DA:160,0
DA:163,0
DA:167,1
DA:169,0
DA:171,0
DA:173,0
DA:188,0
DA:197,0
DA:205,0
DA:207,0
DA:208,0
DA:209,0
DA:210,0
DA:216,0
DA:217,0
DA:218,0
DA:219,0
DA:220,0
DA:221,0
DA:222,0
DA:224,0
DA:226,0
DA:227,0
DA:228,0
DA:230,0
DA:233,0
DA:234,0
DA:235,0
DA:236,0
DA:238,0
DA:241,0
DA:242,0
DA:244,0
DA:247,0
DA:248,0
DA:250,0
DA:253,0
DA:254,0
DA:255,0
DA:257,0
DA:260,0
DA:263,0
DA:276,0
DA:277,0
DA:278,0
DA:283,0
DA:284,0
DA:290,0
DA:291,0
DA:297,0
DA:298,0
DA:305,0
DA:312,0
DA:313,0
DA:315,0
DA:318,0
DA:319,0
DA:321,0
DA:324,0
DA:333,0
DA:335,0
DA:337,0
DA:340,1
DA:341,0
DA:342,0
DA:343,0
DA:344,0
DA:345,0
DA:346,0
DA:348,0
DA:350,0
DA:351,0
DA:352,0
DA:356,0
DA:358,0
DA:359,0
DA:361,0
DA:363,0
DA:364,0
DA:365,0
DA:368,0
DA:371,0
DA:374,0
DA:375,0
DA:377,0
DA:379,0
DA:385,0
DA:388,0
DA:390,0
DA:392,0
DA:394,0
DA:398,0
DA:400,0
DA:401,0
DA:407,0
DA:412,0
DA:413,0
DA:414,0
DA:417,0
DA:423,0
DA:424,0
DA:425,0
DA:429,0
DA:430,0
DA:437,0
DA:439,0
DA:443,0
DA:444,0
DA:445,0
DA:448,0
DA:449,0
DA:450,0
DA:453,0
DA:454,0
DA:456,0
DA:463,0
DA:464,0
DA:467,0
DA:469,0
DA:471,0
DA:472,0
DA:473,0
DA:474,0
DA:477,0
DA:478,0
DA:479,0
DA:482,0
DA:488,0
DA:490,0
DA:491,0
DA:498,0
DA:500,0
DA:504,0
DA:506,0
DA:509,0
DA:513,1
DA:516,1
DA:517,1
DA:518,1
DA:521,0
DA:523,1
DA:527,1
DA:530,1
DA:531,1
DA:532,1
DA:533,1
DA:534,0
DA:536,1
DA:540,1
DA:543,0
DA:544,0
DA:546,0
DA:549,1
LF:225
LH:52
BRDA:92,0,0,0
BRDA:92,0,1,0
BRDA:92,1,0,0
BRDA:92,1,1,0
BRDA:94,2,0,0
BRDA:94,2,1,0
BRDA:153,3,0,0
BRDA:207,4,0,0
BRDA:209,5,0,0
BRDA:224,6,0,0
BRDA:224,6,1,0
BRDA:226,7,0,0
BRDA:226,7,1,0
BRDA:233,8,0,0
BRDA:233,8,1,0
BRDA:234,9,0,0
BRDA:234,9,1,0
BRDA:241,10,0,0
BRDA:241,10,1,0
BRDA:247,11,0,0
BRDA:247,11,1,0
BRDA:253,12,0,0
BRDA:253,12,1,0
BRDA:254,13,0,0
BRDA:254,13,1,0
BRDA:276,14,0,0
BRDA:276,14,1,0
BRDA:277,15,0,0
BRDA:277,15,1,0
BRDA:283,16,0,0
BRDA:290,17,0,0
BRDA:297,18,0,0
BRDA:312,19,0,0
BRDA:312,19,1,0
BRDA:318,20,0,0
BRDA:318,20,1,0
BRDA:352,21,0,0
BRDA:352,21,1,0
BRDA:352,22,0,0
BRDA:352,22,1,0
BRDA:364,23,0,0
BRDA:364,23,1,0
BRDA:374,24,0,0
BRDA:374,24,1,0
BRDA:398,25,0,0
BRDA:398,25,1,0
BRDA:412,26,0,0
BRDA:423,27,0,0
BRDA:443,28,0,0
BRDA:448,29,0,0
BRDA:463,30,0,0
BRDA:472,31,0,0
BRDA:477,32,0,0
BRF:53
BRH:0
end_of_record
TN:
SF:src/modules/book/book.routes.ts
FNF:0
FNH:0
DA:1,1
DA:2,1
DA:3,1
DA:5,1
DA:7,1
DA:13,1
DA:17,1
DA:21,1
DA:23,1
DA:24,1
DA:25,1
DA:26,1
DA:27,1
DA:28,1
DA:31,1
DA:32,1
DA:33,1
DA:36,1
LF:18
LH:18
BRF:0
BRH:0
end_of_record
TN:
SF:src/modules/book/book.service.ts
FN:7,(anonymous_8)
FN:11,(anonymous_9)
FN:11,(anonymous_10)
FN:15,(anonymous_11)
FN:15,(anonymous_12)
FN:19,(anonymous_13)
FN:19,(anonymous_14)
FN:23,(anonymous_15)
FN:26,(anonymous_16)
FN:30,(anonymous_17)
FN:30,(anonymous_18)
FN:34,(anonymous_19)
FN:34,(anonymous_20)
FN:39,(anonymous_21)
FN:39,(anonymous_22)
FNF:15
FNH:11
FNDA:1,(anonymous_8)
FNDA:1,(anonymous_9)
FNDA:1,(anonymous_10)
FNDA:1,(anonymous_11)
FNDA:1,(anonymous_12)
FNDA:1,(anonymous_13)
FNDA:1,(anonymous_14)
FNDA:1,(anonymous_15)
FNDA:1,(anonymous_16)
FNDA:1,(anonymous_17)
FNDA:1,(anonymous_18)
FNDA:0,(anonymous_19)
FNDA:0,(anonymous_20)
FNDA:0,(anonymous_21)
FNDA:0,(anonymous_22)
DA:1,1
DA:8,1
DA:11,1
DA:12,1
DA:15,1
DA:16,1
DA:19,1
DA:20,1
DA:23,1
DA:26,1
DA:27,1
DA:30,1
DA:31,1
DA:34,1
DA:35,0
DA:39,1
DA:40,0
DA:45,1
LF:18
LH:16
BRF:0
BRH:0
end_of_record
TN:
SF:src/modules/book/book.validation.ts
FNF:0
FNH:0
DA:1,1
DA:48,1
DA:61,1
DA:67,1
LF:4
LH:4
BRF:0
BRH:0
end_of_record
TN:
SF:src/modules/book/repositories/book.repository.ts
FN:9,(anonymous_8)
FN:13,(anonymous_9)
FN:13,(anonymous_10)
FN:17,(anonymous_11)
FN:17,(anonymous_12)
FN:22,(anonymous_13)
FN:22,(anonymous_14)
FN:26,(anonymous_15)
FN:26,(anonymous_16)
FNF:9
FNH:1
FNDA:1,(anonymous_8)
FNDA:0,(anonymous_9)
FNDA:0,(anonymous_10)
FNDA:0,(anonymous_11)
FNDA:0,(anonymous_12)
FNDA:0,(anonymous_13)
FNDA:0,(anonymous_14)
FNDA:0,(anonymous_15)
FNDA:0,(anonymous_16)
DA:2,1
DA:5,1
DA:6,1
DA:10,1
DA:13,1
DA:14,0
DA:17,1
DA:18,0
DA:22,1
DA:23,0
DA:26,1
DA:27,0
DA:30,1
LF:13
LH:9
BRF:0
BRH:0
end_of_record
TN:
SF:src/modules/book/repositories/models/book.model.ts
FN:126,(anonymous_1)
FNF:1
FNH:1
FNDA:4,(anonymous_1)
DA:1,1
DA:4,1
DA:35,1
DA:68,1
DA:107,1
DA:124,1
DA:126,1
DA:127,4
DA:131,1
LF:9
LH:9
BRF:0
BRH:0
end_of_record
TN:
SF:src/modules/book/repositories/models/bulkError.model.ts
FNF:0
FNH:0
DA:1,1
DA:4,1
DA:13,1
DA:18,1
LF:4
LH:4
BRF:0
BRH:0
end_of_record
TN:
SF:src/modules/book/repositories/models/bulkUpload.model.ts
FNF:0
FNH:0
DA:1,1
DA:4,1
DA:14,1
DA:16,1
LF:4
LH:4
BRF:0
BRH:0
end_of_record
TN:
SF:src/modules/user/user.controller.ts
FN:11,(anonymous_8)
FN:15,(anonymous_9)
FN:15,(anonymous_10)
FN:25,(anonymous_11)
FN:25,(anonymous_12)
FN:35,(anonymous_13)
FN:35,(anonymous_14)
FN:47,(anonymous_15)
FN:47,(anonymous_16)
FN:62,(anonymous_17)
FN:62,(anonymous_18)
FN:73,(anonymous_19)
FN:73,(anonymous_20)
FNF:13
FNH:1
FNDA:1,(anonymous_8)
FNDA:0,(anonymous_9)
FNDA:0,(anonymous_10)
FNDA:0,(anonymous_11)
FNDA:0,(anonymous_12)
FNDA:0,(anonymous_13)
FNDA:0,(anonymous_14)
FNDA:0,(anonymous_15)
FNDA:0,(anonymous_16)
FNDA:0,(anonymous_17)
FNDA:0,(anonymous_18)
FNDA:0,(anonymous_19)
FNDA:0,(anonymous_20)
DA:2,1
DA:4,1
DA:6,1
DA:12,1
DA:15,1
DA:16,0
DA:17,0
DA:19,0
DA:21,0
DA:25,1
DA:26,0
DA:27,0
DA:28,0
DA:29,0
DA:31,0
DA:35,1
DA:36,0
DA:37,0
DA:40,0
DA:43,0
DA:47,1
DA:48,0
DA:49,0
DA:50,0
DA:51,0
DA:55,0
DA:58,0
DA:62,1
DA:63,0
DA:64,0
DA:65,0
DA:66,0
DA:69,0
DA:73,1
DA:74,0
DA:75,0
DA:76,0
DA:80,0
DA:81,0
DA:82,0
DA:83,0
DA:85,0
DA:86,0
DA:87,0
DA:91,0
DA:95,1
LF:46
LH:11
BRDA:80,0,0,0
BRDA:80,0,1,0
BRDA:82,1,0,0
BRDA:82,1,1,0
BRF:4
BRH:0
end_of_record
TN:
SF:src/modules/user/user.routes.ts
FNF:0
FNH:0
DA:2,1
DA:3,1
DA:4,1
DA:5,1
DA:7,1
DA:11,1
DA:12,1
DA:13,1
DA:14,1
DA:15,1
DA:16,1
DA:19,1
LF:12
LH:12
BRF:0
BRH:0
end_of_record
TN:
SF:src/modules/user/user.service.ts
FN:7,(anonymous_8)
FN:11,(anonymous_9)
FN:11,(anonymous_10)
FN:15,(anonymous_11)
FN:15,(anonymous_12)
FN:19,(anonymous_13)
FN:19,(anonymous_14)
FN:23,(anonymous_15)
FN:26,(anonymous_16)
FN:30,(anonymous_17)
FN:30,(anonymous_18)
FN:34,(anonymous_19)
FN:34,(anonymous_20)
FNF:13
FNH:1
FNDA:1,(anonymous_8)
FNDA:0,(anonymous_9)
FNDA:0,(anonymous_10)
FNDA:0,(anonymous_11)
FNDA:0,(anonymous_12)
FNDA:0,(anonymous_13)
FNDA:0,(anonymous_14)
FNDA:0,(anonymous_15)
FNDA:0,(anonymous_16)
FNDA:0,(anonymous_17)
FNDA:0,(anonymous_18)
FNDA:0,(anonymous_19)
FNDA:0,(anonymous_20)
DA:1,1
DA:8,1
DA:11,1
DA:12,0
DA:15,1
DA:16,0
DA:19,1
DA:20,0
DA:23,1
DA:26,0
DA:27,0
DA:30,1
DA:31,0
DA:34,1
DA:35,0
DA:39,1
LF:16
LH:9
BRF:0
BRH:0
end_of_record
TN:
SF:src/modules/user/repositories/user.repository.ts
FN:8,(anonymous_8)
FN:12,(anonymous_9)
FN:12,(anonymous_10)
FNF:3
FNH:1
FNDA:1,(anonymous_8)
FNDA:0,(anonymous_9)
FNDA:0,(anonymous_10)
DA:1,1
DA:3,1
DA:9,1
DA:12,1
DA:14,0
DA:18,1
LF:6
LH:5
BRF:0
BRH:0
end_of_record
TN:
SF:src/modules/user/repositories/models/user.model.ts
FNF:0
FNH:0
DA:1,1
DA:4,1
DA:15,1
DA:30,1
DA:31,1
LF:5
LH:5
BRF:0
BRH:0
end_of_record
